2022-08-17 17:12:40,120:INFO:PyCaret Supervised Module
2022-08-17 17:12:40,120:INFO:ML Usecase: regression
2022-08-17 17:12:40,120:INFO:version 2.3.10
2022-08-17 17:12:40,120:INFO:Initializing setup()
2022-08-17 17:12:40,120:INFO:setup(target=Price, ml_usecase=regression, available_plots={'parameter': 'Hyperparameters', 'residuals': 'Residuals', 'error': 'Prediction Error', 'cooks': 'Cooks Distance', 'rfe': 'Feature Selection', 'learning': 'Learning Curve', 'manifold': 'Manifold Learning', 'vc': 'Validation Curve', 'feature': 'Feature Importance', 'feature_all': 'Feature Importance (All)', 'tree': 'Decision Tree', 'residuals_interactive': 'Interactive Residuals'}, train_size=0.7, test_data=None, preprocess=True, imputation_type=simple, iterative_imputation_iters=5, categorical_features=None, categorical_imputation=constant, categorical_iterative_imputer=lightgbm, ordinal_features=None, high_cardinality_features=None, high_cardinality_method=frequency, numeric_features=None, numeric_imputation=mean, numeric_iterative_imputer=lightgbm, date_features=None, ignore_features=None, normalize=False, normalize_method=zscore, transformation=False, transformation_method=yeo-johnson, handle_unknown_categorical=True, unknown_categorical_method=least_frequent, pca=False, pca_method=linear, pca_components=None, ignore_low_variance=False, combine_rare_levels=False, rare_level_threshold=0.1, bin_numeric_features=None, remove_outliers=False, outliers_threshold=0.05, remove_multicollinearity=False, multicollinearity_threshold=0.9, remove_perfect_collinearity=True, create_clusters=False, cluster_iter=20, polynomial_features=False, polynomial_degree=2, trigonometry_features=False, polynomial_threshold=0.1, group_features=None, group_names=None, feature_selection=False, feature_selection_threshold=0.8, feature_selection_method=classic, feature_interaction=False, feature_ratio=False, interaction_threshold=0.01, fix_imbalance=False, fix_imbalance_method=None, transform_target=False, transform_target_method=box-cox, data_split_shuffle=True, data_split_stratify=False, fold_strategy=kfold, fold=10, fold_shuffle=False, fold_groups=None, n_jobs=-1, use_gpu=False, custom_pipeline=None, html=True, session_id=123, log_experiment=False, experiment_name=None, experiment_custom_tags=None, log_plots=False, log_profile=False, log_data=False, silent=True, verbose=True, profile=False, profile_kwargs=None, display=None)
2022-08-17 17:12:40,120:INFO:Checking environment
2022-08-17 17:12:40,120:INFO:python_version: 3.8.13
2022-08-17 17:12:40,120:INFO:python_build: ('default', 'Mar 28 2022 06:59:08')
2022-08-17 17:12:40,120:INFO:machine: AMD64
2022-08-17 17:12:40,120:INFO:platform: Windows-10-10.0.19044-SP0
2022-08-17 17:12:40,120:WARNING:cannot find psutil installation. memory not traceable. Install psutil using pip to enable memory logging.
2022-08-17 17:12:40,120:INFO:Checking libraries
2022-08-17 17:12:40,120:INFO:pd==1.4.2
2022-08-17 17:12:40,120:INFO:numpy==1.19.5
2022-08-17 17:12:40,120:INFO:sklearn==0.23.2
2022-08-17 17:12:40,120:INFO:lightgbm==3.3.2
2022-08-17 17:12:40,448:INFO:catboost==1.0.5
2022-08-17 17:12:40,448:INFO:xgboost==1.6.1
2022-08-17 17:12:40,448:INFO:mlflow==1.25.1
2022-08-17 17:12:40,448:INFO:Checking Exceptions
2022-08-17 17:12:40,448:INFO:Declaring global variables
2022-08-17 17:12:40,448:INFO:USI: 31ef
2022-08-17 17:12:40,448:INFO:pycaret_globals: {'experiment__', 'display_container', 'pycaret_globals', 'data_before_preprocess', 'fold_param', '_available_plots', 'target_param', '_all_models_internal', 'log_plots_param', 'prep_pipe', '_all_metrics', 'seed', 'imputation_classifier', 'fold_groups_param', 'y', 'logging_param', 'create_model_container', 'master_model_container', 'X', 'USI', 'html_param', 'gpu_param', 'iterative_imputation_iters_param', 'fold_groups_param_full', 'X_train', 'fold_shuffle_param', '_gpu_n_jobs_param', 'transform_target_param', 'y_test', 'fold_generator', '_ml_usecase', 'fix_imbalance_param', 'y_train', 'stratify_param', 'n_jobs_param', 'exp_name_log', '_internal_pipeline', 'dashboard_logger', 'transform_target_method_param', 'fix_imbalance_method_param', 'X_test', '_all_models', 'imputation_regressor'}
2022-08-17 17:12:40,448:INFO:Preparing display monitor
2022-08-17 17:12:40,448:INFO:Preparing display monitor
2022-08-17 17:12:40,464:INFO:Importing libraries
2022-08-17 17:12:40,464:INFO:Copying data for preprocessing
2022-08-17 17:12:40,479:INFO:Declaring preprocessing parameters
2022-08-17 17:12:40,479:INFO:Creating preprocessing pipeline
2022-08-17 17:12:40,497:INFO:Preprocessing pipeline created successfully
2022-08-17 17:12:40,498:ERROR:(Process Exit): setup has been interupted with user command 'quit'. setup must rerun.
2022-08-17 17:12:40,498:INFO:Creating global containers
2022-08-17 17:12:40,500:INFO:Internal pipeline: Pipeline(memory=None, steps=[('empty_step', 'passthrough')], verbose=False)
2022-08-17 17:12:41,632:INFO:Creating grid variables
2022-08-17 17:12:41,654:INFO:create_model_container: 0
2022-08-17 17:12:41,655:INFO:master_model_container: 0
2022-08-17 17:12:41,655:INFO:display_container: 1
2022-08-17 17:12:41,661:INFO:Pipeline(memory=None,
         steps=[('dtypes',
                 DataTypes_Auto_infer(categorical_features=[],
                                      display_types=False, features_todrop=[],
                                      id_columns=[], ml_usecase='regression',
                                      numerical_features=[], target='Price',
                                      time_features=[])),
                ('imputer',
                 Simple_Imputer(categorical_strategy='not_available',
                                fill_value_categorical=None,
                                fill_value_numerical=None,
                                numeric_strategy=...
                ('scaling', 'passthrough'), ('P_transform', 'passthrough'),
                ('binn', 'passthrough'), ('rem_outliers', 'passthrough'),
                ('cluster_all', 'passthrough'),
                ('dummy', Dummify(target='Price')),
                ('fix_perfect', Remove_100(target='Price')),
                ('clean_names', Clean_Colum_Names()),
                ('feature_select', 'passthrough'), ('fix_multi', 'passthrough'),
                ('dfs', 'passthrough'), ('pca', 'passthrough')],
         verbose=False)
2022-08-17 17:12:41,661:INFO:setup() succesfully completed......................................
2022-08-17 17:12:41,736:INFO:Initializing create_model()
2022-08-17 17:12:41,736:INFO:create_model(estimator=lightgbm, fold=None, round=4, cross_validation=True, predict=True, fit_kwargs=None, groups=None, refit=True, verbose=True, system=True, metrics=None, experiment_custom_tags=None, add_to_model_list=True, probability_threshold=None, display=None, return_train_score=False, kwargs={})
2022-08-17 17:12:41,737:INFO:Checking exceptions
2022-08-17 17:12:41,737:INFO:Preparing display monitor
2022-08-17 17:12:41,761:INFO:Importing libraries
2022-08-17 17:12:41,761:INFO:Copying training dataset
2022-08-17 17:12:41,763:INFO:Defining folds
2022-08-17 17:12:41,763:INFO:Declaring metric variables
2022-08-17 17:12:41,775:INFO:Importing untrained model
2022-08-17 17:12:41,788:INFO:Light Gradient Boosting Machine Imported succesfully
2022-08-17 17:12:41,808:INFO:Starting cross validation
2022-08-17 17:12:41,821:INFO:Cross validating with KFold(n_splits=10, random_state=None, shuffle=False), n_jobs=-1
2022-08-17 17:12:49,042:INFO:Calculating mean and std
2022-08-17 17:12:49,042:INFO:Creating metrics dataframe
2022-08-17 17:12:49,053:INFO:Finalizing model
2022-08-17 17:12:49,208:INFO:Uploading results into container
2022-08-17 17:12:49,208:INFO:Uploading model into container now
2022-08-17 17:12:49,228:INFO:create_model_container: 1
2022-08-17 17:12:49,229:INFO:master_model_container: 1
2022-08-17 17:12:49,229:INFO:display_container: 2
2022-08-17 17:12:49,230:INFO:LGBMRegressor(boosting_type='gbdt', class_weight=None, colsample_bytree=1.0,
              importance_type='split', learning_rate=0.1, max_depth=-1,
              min_child_samples=20, min_child_weight=0.001, min_split_gain=0.0,
              n_estimators=100, n_jobs=-1, num_leaves=31, objective=None,
              random_state=123, reg_alpha=0.0, reg_lambda=0.0, silent='warn',
              subsample=1.0, subsample_for_bin=200000, subsample_freq=0)
2022-08-17 17:12:49,231:INFO:create_model() succesfully completed......................................
2022-08-17 17:12:49,317:INFO:Initializing tune_model()
2022-08-17 17:12:49,317:INFO:tune_model(estimator=LGBMRegressor(boosting_type='gbdt', class_weight=None, colsample_bytree=1.0,
              importance_type='split', learning_rate=0.1, max_depth=-1,
              min_child_samples=20, min_child_weight=0.001, min_split_gain=0.0,
              n_estimators=100, n_jobs=-1, num_leaves=31, objective=None,
              random_state=123, reg_alpha=0.0, reg_lambda=0.0, silent='warn',
              subsample=1.0, subsample_for_bin=200000, subsample_freq=0), fold=None, round=4, n_iter=10, custom_grid=None, optimize=R2, custom_scorer=None, search_library=scikit-learn, search_algorithm=None, early_stopping=False, early_stopping_max_iters=10, choose_better=False, fit_kwargs=None, groups=None, return_tuner=False, verbose=True, tuner_verbose=True, display=None, return_train_score=False, kwargs={})
2022-08-17 17:12:49,317:INFO:Checking exceptions
2022-08-17 17:12:49,318:INFO:Preparing display monitor
2022-08-17 17:12:49,343:INFO:Copying training dataset
2022-08-17 17:12:49,344:INFO:Checking base model
2022-08-17 17:12:49,345:INFO:Base model : Light Gradient Boosting Machine
2022-08-17 17:12:49,357:INFO:Declaring metric variables
2022-08-17 17:12:49,370:INFO:Defining Hyperparameters
2022-08-17 17:12:49,430:INFO:Tuning with n_jobs=-1
2022-08-17 17:12:49,430:INFO:Initializing RandomizedSearchCV
2022-08-17 17:12:51,713:INFO:best_params: {'actual_estimator__reg_lambda': 3, 'actual_estimator__reg_alpha': 2, 'actual_estimator__num_leaves': 70, 'actual_estimator__n_estimators': 260, 'actual_estimator__min_split_gain': 0.9, 'actual_estimator__min_child_samples': 41, 'actual_estimator__learning_rate': 0.1, 'actual_estimator__feature_fraction': 0.4, 'actual_estimator__bagging_freq': 2, 'actual_estimator__bagging_fraction': 0.6}
2022-08-17 17:12:51,713:INFO:Hyperparameter search completed
2022-08-17 17:12:51,713:INFO:SubProcess create_model() called ==================================
2022-08-17 17:12:51,713:INFO:Initializing create_model()
2022-08-17 17:12:51,713:INFO:create_model(estimator=LGBMRegressor(boosting_type='gbdt', class_weight=None, colsample_bytree=1.0,
              importance_type='split', learning_rate=0.1, max_depth=-1,
              min_child_samples=20, min_child_weight=0.001, min_split_gain=0.0,
              n_estimators=100, n_jobs=-1, num_leaves=31, objective=None,
              random_state=123, reg_alpha=0.0, reg_lambda=0.0, silent='warn',
              subsample=1.0, subsample_for_bin=200000, subsample_freq=0), fold=KFold(n_splits=10, random_state=None, shuffle=False), round=4, cross_validation=True, predict=True, fit_kwargs={}, groups=None, refit=True, verbose=True, system=False, metrics=None, experiment_custom_tags=None, add_to_model_list=True, probability_threshold=None, display=<pycaret.internal.Display.Display object at 0x000001CF88E4D3D0>, return_train_score=False, kwargs={'reg_lambda': 3, 'reg_alpha': 2, 'num_leaves': 70, 'n_estimators': 260, 'min_split_gain': 0.9, 'min_child_samples': 41, 'learning_rate': 0.1, 'feature_fraction': 0.4, 'bagging_freq': 2, 'bagging_fraction': 0.6})
2022-08-17 17:12:51,713:INFO:Checking exceptions
2022-08-17 17:12:51,713:INFO:Importing libraries
2022-08-17 17:12:51,713:INFO:Copying training dataset
2022-08-17 17:12:51,713:INFO:Defining folds
2022-08-17 17:12:51,713:INFO:Declaring metric variables
2022-08-17 17:12:51,734:INFO:Importing untrained model
2022-08-17 17:12:51,734:INFO:Declaring custom model
2022-08-17 17:12:51,743:INFO:Light Gradient Boosting Machine Imported succesfully
2022-08-17 17:12:51,766:INFO:Starting cross validation
2022-08-17 17:12:51,767:INFO:Cross validating with KFold(n_splits=10, random_state=None, shuffle=False), n_jobs=-1
2022-08-17 17:12:52,337:INFO:Calculating mean and std
2022-08-17 17:12:52,337:INFO:Creating metrics dataframe
2022-08-17 17:12:52,350:INFO:Finalizing model
2022-08-17 17:12:52,657:INFO:Uploading results into container
2022-08-17 17:12:52,657:INFO:Uploading model into container now
2022-08-17 17:12:52,657:INFO:create_model_container: 2
2022-08-17 17:12:52,657:INFO:master_model_container: 2
2022-08-17 17:12:52,657:INFO:display_container: 3
2022-08-17 17:12:52,657:INFO:LGBMRegressor(bagging_fraction=0.6, bagging_freq=2, boosting_type='gbdt',
              class_weight=None, colsample_bytree=1.0, feature_fraction=0.4,
              importance_type='split', learning_rate=0.1, max_depth=-1,
              min_child_samples=41, min_child_weight=0.001, min_split_gain=0.9,
              n_estimators=260, n_jobs=-1, num_leaves=70, objective=None,
              random_state=123, reg_alpha=2, reg_lambda=3, silent='warn',
              subsample=1.0, subsample_for_bin=200000, subsample_freq=0)
2022-08-17 17:12:52,657:INFO:create_model() succesfully completed......................................
2022-08-17 17:12:52,744:INFO:SubProcess create_model() end ==================================
2022-08-17 17:12:52,776:INFO:create_model_container: 2
2022-08-17 17:12:52,777:INFO:master_model_container: 2
2022-08-17 17:12:52,777:INFO:display_container: 3
2022-08-17 17:12:52,778:INFO:LGBMRegressor(bagging_fraction=0.6, bagging_freq=2, boosting_type='gbdt',
              class_weight=None, colsample_bytree=1.0, feature_fraction=0.4,
              importance_type='split', learning_rate=0.1, max_depth=-1,
              min_child_samples=41, min_child_weight=0.001, min_split_gain=0.9,
              n_estimators=260, n_jobs=-1, num_leaves=70, objective=None,
              random_state=123, reg_alpha=2, reg_lambda=3, silent='warn',
              subsample=1.0, subsample_for_bin=200000, subsample_freq=0)
2022-08-17 17:12:52,778:INFO:tune_model() succesfully completed......................................
2022-08-17 17:12:52,863:INFO:Initializing predict_model()
2022-08-17 17:12:52,864:INFO:predict_model(estimator=LGBMRegressor(bagging_fraction=0.6, bagging_freq=2, boosting_type='gbdt',
              class_weight=None, colsample_bytree=1.0, feature_fraction=0.4,
              importance_type='split', learning_rate=0.1, max_depth=-1,
              min_child_samples=41, min_child_weight=0.001, min_split_gain=0.9,
              n_estimators=260, n_jobs=-1, num_leaves=70, objective=None,
              random_state=123, reg_alpha=2, reg_lambda=3, silent='warn',
              subsample=1.0, subsample_for_bin=200000, subsample_freq=0), probability_threshold=None, encoded_labels=True, drift_report=False, raw_score=False, round=4, verbose=True, ml_usecase=MLUsecase.REGRESSION, display=None, drift_kwargs=None)
2022-08-17 17:12:52,864:INFO:Checking exceptions
2022-08-17 17:12:52,864:INFO:Preloading libraries
2022-08-17 17:12:52,865:INFO:Preparing display monitor
2022-08-17 17:12:53,056:INFO:Initializing finalize_model()
2022-08-17 17:12:53,056:INFO:finalize_model(estimator=LGBMRegressor(bagging_fraction=0.6, bagging_freq=2, boosting_type='gbdt',
              class_weight=None, colsample_bytree=1.0, feature_fraction=0.4,
              importance_type='split', learning_rate=0.1, max_depth=-1,
              min_child_samples=41, min_child_weight=0.001, min_split_gain=0.9,
              n_estimators=260, n_jobs=-1, num_leaves=70, objective=None,
              random_state=123, reg_alpha=2, reg_lambda=3, silent='warn',
              subsample=1.0, subsample_for_bin=200000, subsample_freq=0), fit_kwargs=None, groups=None, model_only=True, display=None, experiment_custom_tags=None, return_train_score=False)
2022-08-17 17:12:53,057:INFO:Finalizing LGBMRegressor(bagging_fraction=0.6, bagging_freq=2, boosting_type='gbdt',
              class_weight=None, colsample_bytree=1.0, feature_fraction=0.4,
              importance_type='split', learning_rate=0.1, max_depth=-1,
              min_child_samples=41, min_child_weight=0.001, min_split_gain=0.9,
              n_estimators=260, n_jobs=-1, num_leaves=70, objective=None,
              random_state=123, reg_alpha=2, reg_lambda=3, silent='warn',
              subsample=1.0, subsample_for_bin=200000, subsample_freq=0)
2022-08-17 17:12:53,058:INFO:Initializing create_model()
2022-08-17 17:12:53,058:INFO:create_model(estimator=LGBMRegressor(bagging_fraction=0.6, bagging_freq=2, boosting_type='gbdt',
              class_weight=None, colsample_bytree=1.0, feature_fraction=0.4,
              importance_type='split', learning_rate=0.1, max_depth=-1,
              min_child_samples=41, min_child_weight=0.001, min_split_gain=0.9,
              n_estimators=260, n_jobs=-1, num_leaves=70, objective=None,
              random_state=123, reg_alpha=2, reg_lambda=3, silent='warn',
              subsample=1.0, subsample_for_bin=200000, subsample_freq=0), fold=None, round=4, cross_validation=True, predict=True, fit_kwargs={}, groups=None, refit=True, verbose=False, system=False, metrics=None, experiment_custom_tags=None, add_to_model_list=False, probability_threshold=None, display=None, return_train_score=False, kwargs={})
2022-08-17 17:12:53,058:INFO:Checking exceptions
2022-08-17 17:12:53,058:INFO:Importing libraries
2022-08-17 17:12:53,058:INFO:Copying training dataset
2022-08-17 17:12:53,058:INFO:Defining folds
2022-08-17 17:12:53,059:INFO:Declaring metric variables
2022-08-17 17:12:53,059:INFO:Importing untrained model
2022-08-17 17:12:53,059:INFO:Declaring custom model
2022-08-17 17:12:53,060:INFO:Light Gradient Boosting Machine Imported succesfully
2022-08-17 17:12:53,060:INFO:Starting cross validation
2022-08-17 17:12:53,060:INFO:Cross validating with KFold(n_splits=10, random_state=None, shuffle=False), n_jobs=-1
2022-08-17 17:12:53,886:INFO:Calculating mean and std
2022-08-17 17:12:53,886:INFO:Creating metrics dataframe
2022-08-17 17:12:53,886:INFO:Finalizing model
2022-08-17 17:12:54,238:INFO:create_model_container: 2
2022-08-17 17:12:54,238:INFO:master_model_container: 2
2022-08-17 17:12:54,238:INFO:display_container: 5
2022-08-17 17:12:54,238:INFO:LGBMRegressor(bagging_fraction=0.6, bagging_freq=2, boosting_type='gbdt',
              class_weight=None, colsample_bytree=1.0, feature_fraction=0.4,
              importance_type='split', learning_rate=0.1, max_depth=-1,
              min_child_samples=41, min_child_weight=0.001, min_split_gain=0.9,
              n_estimators=260, n_jobs=-1, num_leaves=70, objective=None,
              random_state=123, reg_alpha=2, reg_lambda=3, silent='warn',
              subsample=1.0, subsample_for_bin=200000, subsample_freq=0)
2022-08-17 17:12:54,238:INFO:create_model() succesfully completed......................................
2022-08-17 17:12:54,363:INFO:create_model_container: 2
2022-08-17 17:12:54,364:INFO:master_model_container: 2
2022-08-17 17:12:54,364:INFO:display_container: 4
2022-08-17 17:12:54,364:INFO:LGBMRegressor(bagging_fraction=0.6, bagging_freq=2, boosting_type='gbdt',
              class_weight=None, colsample_bytree=1.0, feature_fraction=0.4,
              importance_type='split', learning_rate=0.1, max_depth=-1,
              min_child_samples=41, min_child_weight=0.001, min_split_gain=0.9,
              n_estimators=260, n_jobs=-1, num_leaves=70, objective=None,
              random_state=123, reg_alpha=2, reg_lambda=3, silent='warn',
              subsample=1.0, subsample_for_bin=200000, subsample_freq=0)
2022-08-17 17:12:54,365:INFO:finalize_model() succesfully completed......................................
2022-08-17 17:12:54,467:INFO:Initializing predict_model()
2022-08-17 17:12:54,467:INFO:predict_model(estimator=LGBMRegressor(bagging_fraction=0.6, bagging_freq=2, boosting_type='gbdt',
              class_weight=None, colsample_bytree=1.0, feature_fraction=0.4,
              importance_type='split', learning_rate=0.1, max_depth=-1,
              min_child_samples=41, min_child_weight=0.001, min_split_gain=0.9,
              n_estimators=260, n_jobs=-1, num_leaves=70, objective=None,
              random_state=123, reg_alpha=2, reg_lambda=3, silent='warn',
              subsample=1.0, subsample_for_bin=200000, subsample_freq=0), probability_threshold=None, encoded_labels=True, drift_report=False, raw_score=False, round=4, verbose=True, ml_usecase=MLUsecase.REGRESSION, display=None, drift_kwargs=None)
2022-08-17 17:12:54,468:INFO:Checking exceptions
2022-08-17 17:12:54,468:INFO:Preloading libraries
2022-08-17 17:12:54,468:INFO:Preparing display monitor
2022-08-17 17:25:32,984:INFO:Initializing save_model()
2022-08-17 17:25:32,985:INFO:save_model(model=LGBMRegressor(bagging_fraction=0.6, bagging_freq=2, boosting_type='gbdt',
              class_weight=None, colsample_bytree=1.0, feature_fraction=0.4,
              importance_type='split', learning_rate=0.1, max_depth=-1,
              min_child_samples=41, min_child_weight=0.001, min_split_gain=0.9,
              n_estimators=260, n_jobs=-1, num_leaves=70, objective=None,
              random_state=123, reg_alpha=2, reg_lambda=3, silent='warn',
              subsample=1.0, subsample_for_bin=200000, subsample_freq=0), model_name=lightgbm-reg-101, prep_pipe_=Pipeline(memory=None,
         steps=[('dtypes',
                 DataTypes_Auto_infer(categorical_features=[],
                                      display_types=False, features_todrop=[],
                                      id_columns=[], ml_usecase='regression',
                                      numerical_features=[], target='Price',
                                      time_features=[])),
                ('imputer',
                 Simple_Imputer(categorical_strategy='not_available',
                                fill_value_categorical=None,
                                fill_value_numerical=None,
                                numeric_strategy=...
                ('scaling', 'passthrough'), ('P_transform', 'passthrough'),
                ('binn', 'passthrough'), ('rem_outliers', 'passthrough'),
                ('cluster_all', 'passthrough'),
                ('dummy', Dummify(target='Price')),
                ('fix_perfect', Remove_100(target='Price')),
                ('clean_names', Clean_Colum_Names()),
                ('feature_select', 'passthrough'), ('fix_multi', 'passthrough'),
                ('dfs', 'passthrough'), ('pca', 'passthrough')],
         verbose=False), verbose=False, kwargs={})
2022-08-17 17:25:32,985:INFO:Adding model into prep_pipe
2022-08-17 17:25:33,039:INFO:lightgbm-reg-101.pkl saved in current working directory
2022-08-17 17:25:33,067:INFO:Pipeline(memory=None,
         steps=[('dtypes',
                 DataTypes_Auto_infer(categorical_features=[],
                                      display_types=False, features_todrop=[],
                                      id_columns=[], ml_usecase='regression',
                                      numerical_features=[], target='Price',
                                      time_features=[])),
                ('imputer',
                 Simple_Imputer(categorical_strategy='not_available',
                                fill_value_categorical=None,
                                fill_value_numerical=None,
                                numeric_strategy=...
                               boosting_type='gbdt', class_weight=None,
                               colsample_bytree=1.0, feature_fraction=0.4,
                               importance_type='split', learning_rate=0.1,
                               max_depth=-1, min_child_samples=41,
                               min_child_weight=0.001, min_split_gain=0.9,
                               n_estimators=260, n_jobs=-1, num_leaves=70,
                               objective=None, random_state=123, reg_alpha=2,
                               reg_lambda=3, silent='warn', subsample=1.0,
                               subsample_for_bin=200000, subsample_freq=0)]],
         verbose=False)
2022-08-17 17:25:33,067:INFO:save_model() successfully completed......................................
2022-08-17 17:53:16,628:INFO:Initializing load_model()
2022-08-17 17:53:16,629:INFO:load_model(model_name=lightgbm-reg101-azure-downloaded, platform=None, authentication=None, verbose=True)
2022-08-17 17:53:17,246:INFO:Initializing predict_model()
2022-08-17 17:53:17,246:INFO:predict_model(estimator=Pipeline(steps=[('dtypes',
                 DataTypes_Auto_infer(display_types=False,
                                      ml_usecase='regression',
                                      target='Price')),
                ('imputer',
                 Simple_Imputer(categorical_strategy='not_available',
                                fill_value_categorical=None,
                                fill_value_numerical=None,
                                numeric_strategy='mean',
                                target_variable=None)),
                ('new_levels1',
                 New_Catagorical_Levels_in_TestData(replacement_strategy='least '...
                ('fix_perfect', Remove_100(target='Price')),
                ('clean_names', Clean_Colum_Names()),
                ('feature_select', 'passthrough'), ('fix_multi', 'passthrough'),
                ('dfs', 'passthrough'), ('pca', 'passthrough'),
                ['trained_model',
                 LGBMRegressor(bagging_fraction=0.6, bagging_freq=2,
                               feature_fraction=0.4, min_child_samples=41,
                               min_split_gain=0.9, n_estimators=260,
                               num_leaves=70, random_state=123, reg_alpha=2,
                               reg_lambda=3)]]), probability_threshold=None, encoded_labels=True, drift_report=False, raw_score=False, round=4, verbose=True, ml_usecase=MLUsecase.REGRESSION, display=None, drift_kwargs=None)
2022-08-17 17:53:17,246:INFO:Checking exceptions
2022-08-17 17:53:17,246:INFO:Preloading libraries
