2022-08-16 11:54:07,683:INFO:PyCaret Supervised Module
2022-08-16 11:54:07,683:INFO:ML Usecase: regression
2022-08-16 11:54:07,683:INFO:version 2.3.10
2022-08-16 11:54:07,683:INFO:Initializing setup()
2022-08-16 11:54:07,683:INFO:setup(target=Price, ml_usecase=regression, available_plots={'parameter': 'Hyperparameters', 'residuals': 'Residuals', 'error': 'Prediction Error', 'cooks': 'Cooks Distance', 'rfe': 'Feature Selection', 'learning': 'Learning Curve', 'manifold': 'Manifold Learning', 'vc': 'Validation Curve', 'feature': 'Feature Importance', 'feature_all': 'Feature Importance (All)', 'tree': 'Decision Tree', 'residuals_interactive': 'Interactive Residuals'}, train_size=0.7, test_data=None, preprocess=True, imputation_type=simple, iterative_imputation_iters=5, categorical_features=None, categorical_imputation=constant, categorical_iterative_imputer=lightgbm, ordinal_features=None, high_cardinality_features=None, high_cardinality_method=frequency, numeric_features=None, numeric_imputation=mean, numeric_iterative_imputer=lightgbm, date_features=None, ignore_features=None, normalize=False, normalize_method=zscore, transformation=False, transformation_method=yeo-johnson, handle_unknown_categorical=True, unknown_categorical_method=least_frequent, pca=False, pca_method=linear, pca_components=None, ignore_low_variance=False, combine_rare_levels=False, rare_level_threshold=0.1, bin_numeric_features=None, remove_outliers=False, outliers_threshold=0.05, remove_multicollinearity=False, multicollinearity_threshold=0.9, remove_perfect_collinearity=True, create_clusters=False, cluster_iter=20, polynomial_features=False, polynomial_degree=2, trigonometry_features=False, polynomial_threshold=0.1, group_features=None, group_names=None, feature_selection=False, feature_selection_threshold=0.8, feature_selection_method=classic, feature_interaction=False, feature_ratio=False, interaction_threshold=0.01, fix_imbalance=False, fix_imbalance_method=None, transform_target=True, transform_target_method=box-cox, data_split_shuffle=True, data_split_stratify=False, fold_strategy=kfold, fold=10, fold_shuffle=False, fold_groups=None, n_jobs=-1, use_gpu=False, custom_pipeline=None, html=True, session_id=None, log_experiment=True, experiment_name=diamond, experiment_custom_tags=None, log_plots=False, log_profile=False, log_data=False, silent=True, verbose=True, profile=False, profile_kwargs=None, display=None)
2022-08-16 11:54:07,684:INFO:Checking environment
2022-08-16 11:54:07,684:INFO:python_version: 3.8.13
2022-08-16 11:54:07,685:INFO:python_build: ('default', 'Mar 28 2022 06:59:08')
2022-08-16 11:54:07,685:INFO:machine: AMD64
2022-08-16 11:54:07,685:INFO:platform: Windows-10-10.0.19044-SP0
2022-08-16 11:54:07,686:WARNING:cannot find psutil installation. memory not traceable. Install psutil using pip to enable memory logging.
2022-08-16 11:54:07,686:INFO:Checking libraries
2022-08-16 11:54:07,686:INFO:pd==1.4.2
2022-08-16 11:54:07,686:INFO:numpy==1.19.5
2022-08-16 11:54:07,686:INFO:sklearn==0.23.2
2022-08-16 11:54:07,686:INFO:lightgbm==3.3.2
2022-08-16 11:54:08,004:INFO:catboost==1.0.5
2022-08-16 11:54:08,004:INFO:xgboost==1.6.1
2022-08-16 11:54:08,004:INFO:mlflow==1.25.1
2022-08-16 11:54:08,004:INFO:Checking Exceptions
2022-08-16 11:54:08,005:INFO:Declaring global variables
2022-08-16 11:54:08,005:INFO:USI: e97b
2022-08-16 11:54:08,005:INFO:pycaret_globals: {'iterative_imputation_iters_param', 'transform_target_param', '_all_models_internal', 'imputation_classifier', '_ml_usecase', 'USI', 'exp_name_log', 'gpu_param', '_gpu_n_jobs_param', 'X', 'fold_generator', 'y_test', 'fold_param', 'y', 'pycaret_globals', 'display_container', 'logging_param', 'target_param', 'fold_groups_param', 'master_model_container', 'experiment__', 'fold_groups_param_full', 'data_before_preprocess', 'fix_imbalance_method_param', 'fix_imbalance_param', '_internal_pipeline', 'imputation_regressor', 'create_model_container', 'seed', 'y_train', 'X_test', '_available_plots', 'dashboard_logger', 'prep_pipe', 'fold_shuffle_param', 'X_train', '_all_models', 'log_plots_param', 'stratify_param', 'transform_target_method_param', 'html_param', 'n_jobs_param', '_all_metrics'}
2022-08-16 11:54:08,005:INFO:Preparing display monitor
2022-08-16 11:54:08,005:INFO:Preparing display monitor
2022-08-16 11:54:08,019:INFO:Importing libraries
2022-08-16 11:54:08,019:INFO:Copying data for preprocessing
2022-08-16 11:54:08,038:INFO:Declaring preprocessing parameters
2022-08-16 11:54:08,042:INFO:Creating preprocessing pipeline
2022-08-16 11:54:08,055:INFO:Preprocessing pipeline created successfully
2022-08-16 11:54:08,056:ERROR:(Process Exit): setup has been interupted with user command 'quit'. setup must rerun.
2022-08-16 11:54:08,056:INFO:Creating global containers
2022-08-16 11:54:08,059:INFO:Internal pipeline: Pipeline(memory=None, steps=[('empty_step', 'passthrough')], verbose=False)
2022-08-16 11:54:09,327:INFO:Creating grid variables
2022-08-16 11:54:09,351:INFO:Logging experiment in MLFlow
2022-08-16 11:54:09,798:INFO:SubProcess save_model() called ==================================
2022-08-16 11:54:09,810:INFO:Initializing save_model()
2022-08-16 11:54:09,810:INFO:save_model(model=Pipeline(memory=None,
         steps=[('dtypes',
                 DataTypes_Auto_infer(categorical_features=[],
                                      display_types=False, features_todrop=[],
                                      id_columns=[], ml_usecase='regression',
                                      numerical_features=[], target='Price',
                                      time_features=[])),
                ('imputer',
                 Simple_Imputer(categorical_strategy='not_available',
                                fill_value_categorical=None,
                                fill_value_numerical=None,
                                numeric_strategy=...
                ('scaling', 'passthrough'), ('P_transform', 'passthrough'),
                ('binn', 'passthrough'), ('rem_outliers', 'passthrough'),
                ('cluster_all', 'passthrough'),
                ('dummy', Dummify(target='Price')),
                ('fix_perfect', Remove_100(target='Price')),
                ('clean_names', Clean_Colum_Names()),
                ('feature_select', 'passthrough'), ('fix_multi', 'passthrough'),
                ('dfs', 'passthrough'), ('pca', 'passthrough')],
         verbose=False), model_name=Transformation Pipeline, prep_pipe_=Pipeline(memory=None,
         steps=[('dtypes',
                 DataTypes_Auto_infer(categorical_features=[],
                                      display_types=False, features_todrop=[],
                                      id_columns=[], ml_usecase='regression',
                                      numerical_features=[], target='Price',
                                      time_features=[])),
                ('imputer',
                 Simple_Imputer(categorical_strategy='not_available',
                                fill_value_categorical=None,
                                fill_value_numerical=None,
                                numeric_strategy=...
                ('scaling', 'passthrough'), ('P_transform', 'passthrough'),
                ('binn', 'passthrough'), ('rem_outliers', 'passthrough'),
                ('cluster_all', 'passthrough'),
                ('dummy', Dummify(target='Price')),
                ('fix_perfect', Remove_100(target='Price')),
                ('clean_names', Clean_Colum_Names()),
                ('feature_select', 'passthrough'), ('fix_multi', 'passthrough'),
                ('dfs', 'passthrough'), ('pca', 'passthrough')],
         verbose=False), verbose=False, kwargs={})
2022-08-16 11:54:09,810:INFO:Adding model into prep_pipe
2022-08-16 11:54:09,811:WARNING:Only Model saved as it was a pipeline.
2022-08-16 11:54:09,818:INFO:Transformation Pipeline.pkl saved in current working directory
2022-08-16 11:54:09,825:INFO:Pipeline(memory=None,
         steps=[('dtypes',
                 DataTypes_Auto_infer(categorical_features=[],
                                      display_types=False, features_todrop=[],
                                      id_columns=[], ml_usecase='regression',
                                      numerical_features=[], target='Price',
                                      time_features=[])),
                ('imputer',
                 Simple_Imputer(categorical_strategy='not_available',
                                fill_value_categorical=None,
                                fill_value_numerical=None,
                                numeric_strategy=...
                ('scaling', 'passthrough'), ('P_transform', 'passthrough'),
                ('binn', 'passthrough'), ('rem_outliers', 'passthrough'),
                ('cluster_all', 'passthrough'),
                ('dummy', Dummify(target='Price')),
                ('fix_perfect', Remove_100(target='Price')),
                ('clean_names', Clean_Colum_Names()),
                ('feature_select', 'passthrough'), ('fix_multi', 'passthrough'),
                ('dfs', 'passthrough'), ('pca', 'passthrough')],
         verbose=False)
2022-08-16 11:54:09,825:INFO:save_model() successfully completed......................................
2022-08-16 11:54:09,892:INFO:SubProcess save_model() end ==================================
2022-08-16 11:54:09,982:INFO:create_model_container: 0
2022-08-16 11:54:09,982:INFO:master_model_container: 0
2022-08-16 11:54:09,982:INFO:display_container: 1
2022-08-16 11:54:09,987:INFO:Pipeline(memory=None,
         steps=[('dtypes',
                 DataTypes_Auto_infer(categorical_features=[],
                                      display_types=False, features_todrop=[],
                                      id_columns=[], ml_usecase='regression',
                                      numerical_features=[], target='Price',
                                      time_features=[])),
                ('imputer',
                 Simple_Imputer(categorical_strategy='not_available',
                                fill_value_categorical=None,
                                fill_value_numerical=None,
                                numeric_strategy=...
                ('scaling', 'passthrough'), ('P_transform', 'passthrough'),
                ('binn', 'passthrough'), ('rem_outliers', 'passthrough'),
                ('cluster_all', 'passthrough'),
                ('dummy', Dummify(target='Price')),
                ('fix_perfect', Remove_100(target='Price')),
                ('clean_names', Clean_Colum_Names()),
                ('feature_select', 'passthrough'), ('fix_multi', 'passthrough'),
                ('dfs', 'passthrough'), ('pca', 'passthrough')],
         verbose=False)
2022-08-16 11:54:09,987:INFO:setup() succesfully completed......................................
2022-08-16 11:54:10,059:INFO:Initializing create_model()
2022-08-16 11:54:10,059:INFO:create_model(estimator=lightgbm, fold=None, round=4, cross_validation=True, predict=True, fit_kwargs=None, groups=None, refit=True, verbose=True, system=True, metrics=None, experiment_custom_tags=None, add_to_model_list=True, probability_threshold=None, display=None, return_train_score=False, kwargs={})
2022-08-16 11:54:10,059:INFO:Checking exceptions
2022-08-16 11:54:10,059:INFO:Preparing display monitor
2022-08-16 11:54:10,085:INFO:Importing libraries
2022-08-16 11:54:10,086:INFO:Copying training dataset
2022-08-16 11:54:10,088:INFO:Defining folds
2022-08-16 11:54:10,088:INFO:Declaring metric variables
2022-08-16 11:54:10,101:INFO:Importing untrained model
2022-08-16 11:54:10,118:INFO:Light Gradient Boosting Machine Imported succesfully
2022-08-16 11:54:10,145:INFO:Starting cross validation
2022-08-16 11:54:10,155:INFO:Cross validating with KFold(n_splits=10, random_state=None, shuffle=False), n_jobs=-1
2022-08-16 11:54:19,693:INFO:Calculating mean and std
2022-08-16 11:54:19,694:INFO:Creating metrics dataframe
2022-08-16 11:54:19,711:INFO:Finalizing model
2022-08-16 11:54:19,931:INFO:Creating Dashboard logs
2022-08-16 11:54:19,945:INFO:Model: Light Gradient Boosting Machine
2022-08-16 11:54:19,993:INFO:logged params: {'boosting_type': 'gbdt', 'class_weight': None, 'colsample_bytree': 1.0, 'importance_type': 'split', 'learning_rate': 0.1, 'max_depth': -1, 'min_child_samples': 20, 'min_child_weight': 0.001, 'min_split_gain': 0.0, 'n_estimators': 100, 'n_jobs': -1, 'num_leaves': 31, 'objective': None, 'random_state': 6821, 'reg_alpha': 0.0, 'reg_lambda': 0.0, 'silent': 'warn', 'subsample': 1.0, 'subsample_for_bin': 200000, 'subsample_freq': 0}
2022-08-16 11:54:20,034:INFO:Initializing predict_model()
2022-08-16 11:54:20,034:INFO:predict_model(estimator=PowerTransformedTargetRegressor(boosting_type='gbdt', class_weight=None,
                                colsample_bytree=1.0, importance_type='split',
                                learning_rate=0.1, max_depth=-1,
                                min_child_samples=20, min_child_weight=0.001,
                                min_split_gain=0.0, n_estimators=100, n_jobs=-1,
                                num_leaves=31, objective=None,
                                power_transformer_method='box-cox',
                                power_transformer_standardize=True,
                                random_state=6...
                                                        importance_type='split',
                                                        learning_rate=0.1,
                                                        max_depth=-1,
                                                        min_child_samples=20,
                                                        min_child_weight=0.001,
                                                        min_split_gain=0.0,
                                                        n_estimators=100,
                                                        n_jobs=-1,
                                                        num_leaves=31,
                                                        objective=None,
                                                        random_state=6821,
                                                        reg_alpha=0.0,
                                                        reg_lambda=0.0,
                                                        silent='warn',
                                                        subsample=1.0,
                                                        subsample_for_bin=200000,
                                                        subsample_freq=0),
                                silent='warn', subsample=1.0,
                                subsample_for_bin=200000, subsample_freq=0), probability_threshold=None, encoded_labels=False, drift_report=False, raw_score=False, round=4, verbose=False, ml_usecase=None, display=None, drift_kwargs=None)
2022-08-16 11:54:20,034:INFO:Checking exceptions
2022-08-16 11:54:20,034:INFO:Preloading libraries
2022-08-16 11:54:20,484:INFO:Uploading results into container
2022-08-16 11:54:20,485:INFO:Uploading model into container now
2022-08-16 11:54:20,495:INFO:create_model_container: 1
2022-08-16 11:54:20,495:INFO:master_model_container: 1
2022-08-16 11:54:20,495:INFO:display_container: 2
2022-08-16 11:54:20,497:INFO:PowerTransformedTargetRegressor(boosting_type='gbdt', class_weight=None,
                                colsample_bytree=1.0, importance_type='split',
                                learning_rate=0.1, max_depth=-1,
                                min_child_samples=20, min_child_weight=0.001,
                                min_split_gain=0.0, n_estimators=100, n_jobs=-1,
                                num_leaves=31, objective=None,
                                power_transformer_method='box-cox',
                                power_transformer_standardize=True,
                                random_state=6...
                                                        importance_type='split',
                                                        learning_rate=0.1,
                                                        max_depth=-1,
                                                        min_child_samples=20,
                                                        min_child_weight=0.001,
                                                        min_split_gain=0.0,
                                                        n_estimators=100,
                                                        n_jobs=-1,
                                                        num_leaves=31,
                                                        objective=None,
                                                        random_state=6821,
                                                        reg_alpha=0.0,
                                                        reg_lambda=0.0,
                                                        silent='warn',
                                                        subsample=1.0,
                                                        subsample_for_bin=200000,
                                                        subsample_freq=0),
                                silent='warn', subsample=1.0,
                                subsample_for_bin=200000, subsample_freq=0)
2022-08-16 11:54:20,497:INFO:create_model() succesfully completed......................................
2022-08-16 11:54:21,101:INFO:Initializing get_config()
2022-08-16 11:54:21,102:INFO:get_config(variable=prep_pipe)
2022-08-16 11:54:21,106:INFO:Global variable: prep_pipe returned as Pipeline(memory=None,
         steps=[('dtypes',
                 DataTypes_Auto_infer(categorical_features=[],
                                      display_types=False, features_todrop=[],
                                      id_columns=[], ml_usecase='regression',
                                      numerical_features=[], target='Price',
                                      time_features=[])),
                ('imputer',
                 Simple_Imputer(categorical_strategy='not_available',
                                fill_value_categorical=None,
                                fill_value_numerical=None,
                                numeric_strategy=...
                ('scaling', 'passthrough'), ('P_transform', 'passthrough'),
                ('binn', 'passthrough'), ('rem_outliers', 'passthrough'),
                ('cluster_all', 'passthrough'),
                ('dummy', Dummify(target='Price')),
                ('fix_perfect', Remove_100(target='Price')),
                ('clean_names', Clean_Colum_Names()),
                ('feature_select', 'passthrough'), ('fix_multi', 'passthrough'),
                ('dfs', 'passthrough'), ('pca', 'passthrough')],
         verbose=False)
2022-08-16 11:54:21,106:INFO:get_config() succesfully completed......................................
2022-08-16 11:54:21,106:INFO:Initializing get_config()
2022-08-16 11:54:21,106:INFO:get_config(variable=data_before_preprocess)
2022-08-16 11:54:21,110:INFO:Global variable: data_before_preprocess returned as       Carat Weight              Cut Color Clarity Polish Symmetry Report  \
0             1.10            Ideal     H     SI1     VG       EX    GIA   
1             0.83            Ideal     H     VS1     ID       ID   AGSL   
2             0.85            Ideal     H     SI1     EX       EX    GIA   
3             0.91            Ideal     E     SI1     VG       VG    GIA   
4             0.83            Ideal     G     SI1     EX       EX    GIA   
...            ...              ...   ...     ...    ...      ...    ...   
5995          1.03            Ideal     D     SI1     EX       EX    GIA   
5996          1.00        Very Good     D     SI1     VG       VG    GIA   
5997          1.02            Ideal     D     SI1     EX       EX    GIA   
5998          1.27  Signature-Ideal     G     VS1     EX       EX    GIA   
5999          2.19            Ideal     E     VS1     EX       EX    GIA   

      Price  
0      5169  
1      3470  
2      3183  
3      4370  
4      3171  
...     ...  
5995   6250  
5996   5328  
5997   6157  
5998  11206  
5999  30507  

[6000 rows x 8 columns]
2022-08-16 11:54:21,110:INFO:get_config() succesfully completed......................................
2022-08-16 11:54:21,111:INFO:Initializing get_config()
2022-08-16 11:54:21,111:INFO:get_config(variable=prep_pipe)
2022-08-16 11:54:21,117:INFO:Global variable: prep_pipe returned as Pipeline(memory=None,
         steps=[('dtypes',
                 DataTypes_Auto_infer(categorical_features=[],
                                      display_types=False, features_todrop=[],
                                      id_columns=[], ml_usecase='regression',
                                      numerical_features=[], target='Price',
                                      time_features=[])),
                ('imputer',
                 Simple_Imputer(categorical_strategy='not_available',
                                fill_value_categorical=None,
                                fill_value_numerical=None,
                                numeric_strategy=...
                ('scaling', 'passthrough'), ('P_transform', 'passthrough'),
                ('binn', 'passthrough'), ('rem_outliers', 'passthrough'),
                ('cluster_all', 'passthrough'),
                ('dummy', Dummify(target='Price')),
                ('fix_perfect', Remove_100(target='Price')),
                ('clean_names', Clean_Colum_Names()),
                ('feature_select', 'passthrough'), ('fix_multi', 'passthrough'),
                ('dfs', 'passthrough'), ('pca', 'passthrough')],
         verbose=False)
2022-08-16 11:54:21,117:INFO:get_config() succesfully completed......................................
2022-08-16 11:54:21,117:INFO:Initializing get_config()
2022-08-16 11:54:21,117:INFO:get_config(variable=prep_pipe)
2022-08-16 11:54:21,122:INFO:Global variable: prep_pipe returned as Pipeline(memory=None,
         steps=[('dtypes',
                 DataTypes_Auto_infer(categorical_features=[],
                                      display_types=False, features_todrop=[],
                                      id_columns=[], ml_usecase='regression',
                                      numerical_features=[], target='Price',
                                      time_features=[])),
                ('imputer',
                 Simple_Imputer(categorical_strategy='not_available',
                                fill_value_categorical=None,
                                fill_value_numerical=None,
                                numeric_strategy=...
                ('scaling', 'passthrough'), ('P_transform', 'passthrough'),
                ('binn', 'passthrough'), ('rem_outliers', 'passthrough'),
                ('cluster_all', 'passthrough'),
                ('dummy', Dummify(target='Price')),
                ('fix_perfect', Remove_100(target='Price')),
                ('clean_names', Clean_Colum_Names()),
                ('feature_select', 'passthrough'), ('fix_multi', 'passthrough'),
                ('dfs', 'passthrough'), ('pca', 'passthrough')],
         verbose=False)
2022-08-16 11:54:21,122:INFO:get_config() succesfully completed......................................
2022-08-16 11:54:21,122:INFO:Initializing get_config()
2022-08-16 11:54:21,122:INFO:get_config(variable=prep_pipe)
2022-08-16 11:54:21,126:INFO:Global variable: prep_pipe returned as Pipeline(memory=None,
         steps=[('dtypes',
                 DataTypes_Auto_infer(categorical_features=[],
                                      display_types=False, features_todrop=[],
                                      id_columns=[], ml_usecase='regression',
                                      numerical_features=[], target='Price',
                                      time_features=[])),
                ('imputer',
                 Simple_Imputer(categorical_strategy='not_available',
                                fill_value_categorical=None,
                                fill_value_numerical=None,
                                numeric_strategy=...
                ('scaling', 'passthrough'), ('P_transform', 'passthrough'),
                ('binn', 'passthrough'), ('rem_outliers', 'passthrough'),
                ('cluster_all', 'passthrough'),
                ('dummy', Dummify(target='Price')),
                ('fix_perfect', Remove_100(target='Price')),
                ('clean_names', Clean_Colum_Names()),
                ('feature_select', 'passthrough'), ('fix_multi', 'passthrough'),
                ('dfs', 'passthrough'), ('pca', 'passthrough')],
         verbose=False)
2022-08-16 11:54:21,127:INFO:get_config() succesfully completed......................................
2022-08-16 11:54:21,135:INFO:Initializing save_model()
2022-08-16 11:54:21,135:INFO:save_model(model=PowerTransformedTargetRegressor(boosting_type='gbdt', class_weight=None,
                                colsample_bytree=1.0, importance_type='split',
                                learning_rate=0.1, max_depth=-1,
                                min_child_samples=20, min_child_weight=0.001,
                                min_split_gain=0.0, n_estimators=100, n_jobs=-1,
                                num_leaves=31, objective=None,
                                power_transformer_method='box-cox',
                                power_transformer_standardize=True,
                                random_state=6...
                                                        importance_type='split',
                                                        learning_rate=0.1,
                                                        max_depth=-1,
                                                        min_child_samples=20,
                                                        min_child_weight=0.001,
                                                        min_split_gain=0.0,
                                                        n_estimators=100,
                                                        n_jobs=-1,
                                                        num_leaves=31,
                                                        objective=None,
                                                        random_state=6821,
                                                        reg_alpha=0.0,
                                                        reg_lambda=0.0,
                                                        silent='warn',
                                                        subsample=1.0,
                                                        subsample_for_bin=200000,
                                                        subsample_freq=0),
                                silent='warn', subsample=1.0,
                                subsample_for_bin=200000, subsample_freq=0), model_name=my_first_api, prep_pipe_=Pipeline(memory=None,
         steps=[('dtypes',
                 DataTypes_Auto_infer(categorical_features=[],
                                      display_types=False, features_todrop=[],
                                      id_columns=[], ml_usecase='regression',
                                      numerical_features=[], target='Price',
                                      time_features=[])),
                ('imputer',
                 Simple_Imputer(categorical_strategy='not_available',
                                fill_value_categorical=None,
                                fill_value_numerical=None,
                                numeric_strategy=...
                ('scaling', 'passthrough'), ('P_transform', 'passthrough'),
                ('binn', 'passthrough'), ('rem_outliers', 'passthrough'),
                ('cluster_all', 'passthrough'),
                ('dummy', Dummify(target='Price')),
                ('fix_perfect', Remove_100(target='Price')),
                ('clean_names', Clean_Colum_Names()),
                ('feature_select', 'passthrough'), ('fix_multi', 'passthrough'),
                ('dfs', 'passthrough'), ('pca', 'passthrough')],
         verbose=False), verbose=False, kwargs={})
2022-08-16 11:54:21,135:INFO:Adding model into prep_pipe
2022-08-16 11:54:21,150:INFO:my_first_api.pkl saved in current working directory
2022-08-16 11:54:21,176:INFO:Pipeline(memory=None,
         steps=[('dtypes',
                 DataTypes_Auto_infer(categorical_features=[],
                                      display_types=False, features_todrop=[],
                                      id_columns=[], ml_usecase='regression',
                                      numerical_features=[], target='Price',
                                      time_features=[])),
                ('imputer',
                 Simple_Imputer(categorical_strategy='not_available',
                                fill_value_categorical=None,
                                fill_value_numerical=None,
                                numeric_strategy=...
                                                                         learning_rate=0.1,
                                                                         max_depth=-1,
                                                                         min_child_samples=20,
                                                                         min_child_weight=0.001,
                                                                         min_split_gain=0.0,
                                                                         n_estimators=100,
                                                                         n_jobs=-1,
                                                                         num_leaves=31,
                                                                         objective=None,
                                                                         random_state=6821,
                                                                         reg_alpha=0.0,
                                                                         reg_lambda=0.0,
                                                                         silent='warn',
                                                                         subsample=1.0,
                                                                         subsample_for_bin=200000,
                                                                         subsample_freq=0),
                                                 silent='warn', subsample=1.0,
                                                 subsample_for_bin=200000,
                                                 subsample_freq=0)]],
         verbose=False)
2022-08-16 11:54:21,177:INFO:save_model() successfully completed......................................
2022-08-16 11:55:15,852:INFO:PyCaret Supervised Module
2022-08-16 11:55:15,854:INFO:ML Usecase: regression
2022-08-16 11:55:15,854:INFO:version 2.3.10
2022-08-16 11:55:15,854:INFO:Initializing setup()
2022-08-16 11:55:15,854:INFO:setup(target=Price, ml_usecase=regression, available_plots={'parameter': 'Hyperparameters', 'residuals': 'Residuals', 'error': 'Prediction Error', 'cooks': 'Cooks Distance', 'rfe': 'Feature Selection', 'learning': 'Learning Curve', 'manifold': 'Manifold Learning', 'vc': 'Validation Curve', 'feature': 'Feature Importance', 'feature_all': 'Feature Importance (All)', 'tree': 'Decision Tree', 'residuals_interactive': 'Interactive Residuals'}, train_size=0.7, test_data=None, preprocess=True, imputation_type=simple, iterative_imputation_iters=5, categorical_features=None, categorical_imputation=constant, categorical_iterative_imputer=lightgbm, ordinal_features=None, high_cardinality_features=None, high_cardinality_method=frequency, numeric_features=None, numeric_imputation=mean, numeric_iterative_imputer=lightgbm, date_features=None, ignore_features=None, normalize=False, normalize_method=zscore, transformation=False, transformation_method=yeo-johnson, handle_unknown_categorical=True, unknown_categorical_method=least_frequent, pca=False, pca_method=linear, pca_components=None, ignore_low_variance=False, combine_rare_levels=False, rare_level_threshold=0.1, bin_numeric_features=None, remove_outliers=False, outliers_threshold=0.05, remove_multicollinearity=False, multicollinearity_threshold=0.9, remove_perfect_collinearity=True, create_clusters=False, cluster_iter=20, polynomial_features=False, polynomial_degree=2, trigonometry_features=False, polynomial_threshold=0.1, group_features=None, group_names=None, feature_selection=False, feature_selection_threshold=0.8, feature_selection_method=classic, feature_interaction=False, feature_ratio=False, interaction_threshold=0.01, fix_imbalance=False, fix_imbalance_method=None, transform_target=True, transform_target_method=box-cox, data_split_shuffle=True, data_split_stratify=False, fold_strategy=kfold, fold=10, fold_shuffle=False, fold_groups=None, n_jobs=-1, use_gpu=False, custom_pipeline=None, html=True, session_id=None, log_experiment=True, experiment_name=diamond, experiment_custom_tags=None, log_plots=False, log_profile=False, log_data=False, silent=True, verbose=True, profile=False, profile_kwargs=None, display=None)
2022-08-16 11:55:15,854:INFO:Checking environment
2022-08-16 11:55:15,855:INFO:python_version: 3.8.13
2022-08-16 11:55:15,855:INFO:python_build: ('default', 'Mar 28 2022 06:59:08')
2022-08-16 11:55:15,855:INFO:machine: AMD64
2022-08-16 11:55:15,857:INFO:platform: Windows-10-10.0.19044-SP0
2022-08-16 11:55:15,862:WARNING:cannot find psutil installation. memory not traceable. Install psutil using pip to enable memory logging.
2022-08-16 11:55:15,862:INFO:Checking libraries
2022-08-16 11:55:15,862:INFO:pd==1.4.2
2022-08-16 11:55:15,862:INFO:numpy==1.19.5
2022-08-16 11:55:15,862:INFO:sklearn==0.23.2
2022-08-16 11:55:15,863:INFO:lightgbm==3.3.2
2022-08-16 11:55:16,232:INFO:catboost==1.0.5
2022-08-16 11:55:16,233:INFO:xgboost==1.6.1
2022-08-16 11:55:16,233:INFO:mlflow==1.25.1
2022-08-16 11:55:16,233:INFO:Checking Exceptions
2022-08-16 11:55:16,233:INFO:Declaring global variables
2022-08-16 11:55:16,233:INFO:USI: a1e1
2022-08-16 11:55:16,233:INFO:pycaret_globals: {'_gpu_n_jobs_param', 'dashboard_logger', 'X_train', 'data_before_preprocess', '_internal_pipeline', 'X_test', '_all_models', 'logging_param', 'transform_target_param', 'fix_imbalance_method_param', 'stratify_param', 'html_param', 'fold_groups_param_full', 'X', 'target_param', 'y_test', 'n_jobs_param', 'master_model_container', 'fold_param', '_available_plots', 'y_train', '_all_models_internal', 'y', 'imputation_regressor', 'gpu_param', 'transform_target_method_param', '_all_metrics', 'imputation_classifier', '_ml_usecase', 'log_plots_param', 'iterative_imputation_iters_param', 'fold_shuffle_param', 'fold_groups_param', 'experiment__', 'display_container', 'fold_generator', 'seed', 'USI', 'pycaret_globals', 'exp_name_log', 'create_model_container', 'prep_pipe', 'fix_imbalance_param'}
2022-08-16 11:55:16,233:INFO:Preparing display monitor
2022-08-16 11:55:16,234:INFO:Preparing display monitor
2022-08-16 11:55:16,259:INFO:Importing libraries
2022-08-16 11:55:16,259:INFO:Copying data for preprocessing
2022-08-16 11:55:16,278:INFO:Declaring preprocessing parameters
2022-08-16 11:55:16,282:INFO:Creating preprocessing pipeline
2022-08-16 11:55:16,305:INFO:Preprocessing pipeline created successfully
2022-08-16 11:55:16,305:ERROR:(Process Exit): setup has been interupted with user command 'quit'. setup must rerun.
2022-08-16 11:55:16,305:INFO:Creating global containers
2022-08-16 11:55:16,309:INFO:Internal pipeline: Pipeline(memory=None, steps=[('empty_step', 'passthrough')], verbose=False)
2022-08-16 11:55:17,830:INFO:Creating grid variables
2022-08-16 11:55:17,860:INFO:Logging experiment in MLFlow
2022-08-16 11:55:18,271:INFO:SubProcess save_model() called ==================================
2022-08-16 11:55:18,283:INFO:Initializing save_model()
2022-08-16 11:55:18,283:INFO:save_model(model=Pipeline(memory=None,
         steps=[('dtypes',
                 DataTypes_Auto_infer(categorical_features=[],
                                      display_types=False, features_todrop=[],
                                      id_columns=[], ml_usecase='regression',
                                      numerical_features=[], target='Price',
                                      time_features=[])),
                ('imputer',
                 Simple_Imputer(categorical_strategy='not_available',
                                fill_value_categorical=None,
                                fill_value_numerical=None,
                                numeric_strategy=...
                ('scaling', 'passthrough'), ('P_transform', 'passthrough'),
                ('binn', 'passthrough'), ('rem_outliers', 'passthrough'),
                ('cluster_all', 'passthrough'),
                ('dummy', Dummify(target='Price')),
                ('fix_perfect', Remove_100(target='Price')),
                ('clean_names', Clean_Colum_Names()),
                ('feature_select', 'passthrough'), ('fix_multi', 'passthrough'),
                ('dfs', 'passthrough'), ('pca', 'passthrough')],
         verbose=False), model_name=Transformation Pipeline, prep_pipe_=Pipeline(memory=None,
         steps=[('dtypes',
                 DataTypes_Auto_infer(categorical_features=[],
                                      display_types=False, features_todrop=[],
                                      id_columns=[], ml_usecase='regression',
                                      numerical_features=[], target='Price',
                                      time_features=[])),
                ('imputer',
                 Simple_Imputer(categorical_strategy='not_available',
                                fill_value_categorical=None,
                                fill_value_numerical=None,
                                numeric_strategy=...
                ('scaling', 'passthrough'), ('P_transform', 'passthrough'),
                ('binn', 'passthrough'), ('rem_outliers', 'passthrough'),
                ('cluster_all', 'passthrough'),
                ('dummy', Dummify(target='Price')),
                ('fix_perfect', Remove_100(target='Price')),
                ('clean_names', Clean_Colum_Names()),
                ('feature_select', 'passthrough'), ('fix_multi', 'passthrough'),
                ('dfs', 'passthrough'), ('pca', 'passthrough')],
         verbose=False), verbose=False, kwargs={})
2022-08-16 11:55:18,283:INFO:Adding model into prep_pipe
2022-08-16 11:55:18,285:WARNING:Only Model saved as it was a pipeline.
2022-08-16 11:55:18,294:INFO:Transformation Pipeline.pkl saved in current working directory
2022-08-16 11:55:18,299:INFO:Pipeline(memory=None,
         steps=[('dtypes',
                 DataTypes_Auto_infer(categorical_features=[],
                                      display_types=False, features_todrop=[],
                                      id_columns=[], ml_usecase='regression',
                                      numerical_features=[], target='Price',
                                      time_features=[])),
                ('imputer',
                 Simple_Imputer(categorical_strategy='not_available',
                                fill_value_categorical=None,
                                fill_value_numerical=None,
                                numeric_strategy=...
                ('scaling', 'passthrough'), ('P_transform', 'passthrough'),
                ('binn', 'passthrough'), ('rem_outliers', 'passthrough'),
                ('cluster_all', 'passthrough'),
                ('dummy', Dummify(target='Price')),
                ('fix_perfect', Remove_100(target='Price')),
                ('clean_names', Clean_Colum_Names()),
                ('feature_select', 'passthrough'), ('fix_multi', 'passthrough'),
                ('dfs', 'passthrough'), ('pca', 'passthrough')],
         verbose=False)
2022-08-16 11:55:18,299:INFO:save_model() successfully completed......................................
2022-08-16 11:55:18,386:INFO:SubProcess save_model() end ==================================
2022-08-16 11:55:18,440:INFO:create_model_container: 0
2022-08-16 11:55:18,440:INFO:master_model_container: 0
2022-08-16 11:55:18,441:INFO:display_container: 1
2022-08-16 11:55:18,445:INFO:Pipeline(memory=None,
         steps=[('dtypes',
                 DataTypes_Auto_infer(categorical_features=[],
                                      display_types=False, features_todrop=[],
                                      id_columns=[], ml_usecase='regression',
                                      numerical_features=[], target='Price',
                                      time_features=[])),
                ('imputer',
                 Simple_Imputer(categorical_strategy='not_available',
                                fill_value_categorical=None,
                                fill_value_numerical=None,
                                numeric_strategy=...
                ('scaling', 'passthrough'), ('P_transform', 'passthrough'),
                ('binn', 'passthrough'), ('rem_outliers', 'passthrough'),
                ('cluster_all', 'passthrough'),
                ('dummy', Dummify(target='Price')),
                ('fix_perfect', Remove_100(target='Price')),
                ('clean_names', Clean_Colum_Names()),
                ('feature_select', 'passthrough'), ('fix_multi', 'passthrough'),
                ('dfs', 'passthrough'), ('pca', 'passthrough')],
         verbose=False)
2022-08-16 11:55:18,445:INFO:setup() succesfully completed......................................
2022-08-16 11:55:18,539:INFO:Initializing create_model()
2022-08-16 11:55:18,541:INFO:create_model(estimator=lightgbm, fold=None, round=4, cross_validation=True, predict=True, fit_kwargs=None, groups=None, refit=True, verbose=True, system=True, metrics=None, experiment_custom_tags=None, add_to_model_list=True, probability_threshold=None, display=None, return_train_score=False, kwargs={})
2022-08-16 11:55:18,541:INFO:Checking exceptions
2022-08-16 11:55:18,541:INFO:Preparing display monitor
2022-08-16 11:55:18,569:INFO:Importing libraries
2022-08-16 11:55:18,570:INFO:Copying training dataset
2022-08-16 11:55:18,572:INFO:Defining folds
2022-08-16 11:55:18,572:INFO:Declaring metric variables
2022-08-16 11:55:18,585:INFO:Importing untrained model
2022-08-16 11:55:18,603:INFO:Light Gradient Boosting Machine Imported succesfully
2022-08-16 11:55:18,646:INFO:Starting cross validation
2022-08-16 11:55:18,665:INFO:Cross validating with KFold(n_splits=10, random_state=None, shuffle=False), n_jobs=-1
2022-08-16 11:55:28,609:INFO:Calculating mean and std
2022-08-16 11:55:28,611:INFO:Creating metrics dataframe
2022-08-16 11:55:28,625:INFO:Finalizing model
2022-08-16 11:55:28,871:INFO:Creating Dashboard logs
2022-08-16 11:55:28,885:INFO:Model: Light Gradient Boosting Machine
2022-08-16 11:55:28,920:INFO:logged params: {'boosting_type': 'gbdt', 'class_weight': None, 'colsample_bytree': 1.0, 'importance_type': 'split', 'learning_rate': 0.1, 'max_depth': -1, 'min_child_samples': 20, 'min_child_weight': 0.001, 'min_split_gain': 0.0, 'n_estimators': 100, 'n_jobs': -1, 'num_leaves': 31, 'objective': None, 'random_state': 6891, 'reg_alpha': 0.0, 'reg_lambda': 0.0, 'silent': 'warn', 'subsample': 1.0, 'subsample_for_bin': 200000, 'subsample_freq': 0}
2022-08-16 11:55:28,962:INFO:Initializing predict_model()
2022-08-16 11:55:28,962:INFO:predict_model(estimator=PowerTransformedTargetRegressor(boosting_type='gbdt', class_weight=None,
                                colsample_bytree=1.0, importance_type='split',
                                learning_rate=0.1, max_depth=-1,
                                min_child_samples=20, min_child_weight=0.001,
                                min_split_gain=0.0, n_estimators=100, n_jobs=-1,
                                num_leaves=31, objective=None,
                                power_transformer_method='box-cox',
                                power_transformer_standardize=True,
                                random_state=6...
                                                        importance_type='split',
                                                        learning_rate=0.1,
                                                        max_depth=-1,
                                                        min_child_samples=20,
                                                        min_child_weight=0.001,
                                                        min_split_gain=0.0,
                                                        n_estimators=100,
                                                        n_jobs=-1,
                                                        num_leaves=31,
                                                        objective=None,
                                                        random_state=6891,
                                                        reg_alpha=0.0,
                                                        reg_lambda=0.0,
                                                        silent='warn',
                                                        subsample=1.0,
                                                        subsample_for_bin=200000,
                                                        subsample_freq=0),
                                silent='warn', subsample=1.0,
                                subsample_for_bin=200000, subsample_freq=0), probability_threshold=None, encoded_labels=False, drift_report=False, raw_score=False, round=4, verbose=False, ml_usecase=None, display=None, drift_kwargs=None)
2022-08-16 11:55:28,962:INFO:Checking exceptions
2022-08-16 11:55:28,962:INFO:Preloading libraries
2022-08-16 11:55:29,378:INFO:Uploading results into container
2022-08-16 11:55:29,378:INFO:Uploading model into container now
2022-08-16 11:55:29,388:INFO:create_model_container: 1
2022-08-16 11:55:29,389:INFO:master_model_container: 1
2022-08-16 11:55:29,389:INFO:display_container: 2
2022-08-16 11:55:29,391:INFO:PowerTransformedTargetRegressor(boosting_type='gbdt', class_weight=None,
                                colsample_bytree=1.0, importance_type='split',
                                learning_rate=0.1, max_depth=-1,
                                min_child_samples=20, min_child_weight=0.001,
                                min_split_gain=0.0, n_estimators=100, n_jobs=-1,
                                num_leaves=31, objective=None,
                                power_transformer_method='box-cox',
                                power_transformer_standardize=True,
                                random_state=6...
                                                        importance_type='split',
                                                        learning_rate=0.1,
                                                        max_depth=-1,
                                                        min_child_samples=20,
                                                        min_child_weight=0.001,
                                                        min_split_gain=0.0,
                                                        n_estimators=100,
                                                        n_jobs=-1,
                                                        num_leaves=31,
                                                        objective=None,
                                                        random_state=6891,
                                                        reg_alpha=0.0,
                                                        reg_lambda=0.0,
                                                        silent='warn',
                                                        subsample=1.0,
                                                        subsample_for_bin=200000,
                                                        subsample_freq=0),
                                silent='warn', subsample=1.0,
                                subsample_for_bin=200000, subsample_freq=0)
2022-08-16 11:55:29,391:INFO:create_model() succesfully completed......................................
2022-08-16 11:55:29,828:INFO:Initializing get_config()
2022-08-16 11:55:29,828:INFO:get_config(variable=prep_pipe)
2022-08-16 11:55:29,835:INFO:Global variable: prep_pipe returned as Pipeline(memory=None,
         steps=[('dtypes',
                 DataTypes_Auto_infer(categorical_features=[],
                                      display_types=False, features_todrop=[],
                                      id_columns=[], ml_usecase='regression',
                                      numerical_features=[], target='Price',
                                      time_features=[])),
                ('imputer',
                 Simple_Imputer(categorical_strategy='not_available',
                                fill_value_categorical=None,
                                fill_value_numerical=None,
                                numeric_strategy=...
                ('scaling', 'passthrough'), ('P_transform', 'passthrough'),
                ('binn', 'passthrough'), ('rem_outliers', 'passthrough'),
                ('cluster_all', 'passthrough'),
                ('dummy', Dummify(target='Price')),
                ('fix_perfect', Remove_100(target='Price')),
                ('clean_names', Clean_Colum_Names()),
                ('feature_select', 'passthrough'), ('fix_multi', 'passthrough'),
                ('dfs', 'passthrough'), ('pca', 'passthrough')],
         verbose=False)
2022-08-16 11:55:29,836:INFO:get_config() succesfully completed......................................
2022-08-16 11:55:29,836:INFO:Initializing get_config()
2022-08-16 11:55:29,836:INFO:get_config(variable=data_before_preprocess)
2022-08-16 11:55:29,842:INFO:Global variable: data_before_preprocess returned as       Carat Weight              Cut Color Clarity Polish Symmetry Report  \
0             1.10            Ideal     H     SI1     VG       EX    GIA   
1             0.83            Ideal     H     VS1     ID       ID   AGSL   
2             0.85            Ideal     H     SI1     EX       EX    GIA   
3             0.91            Ideal     E     SI1     VG       VG    GIA   
4             0.83            Ideal     G     SI1     EX       EX    GIA   
...            ...              ...   ...     ...    ...      ...    ...   
5995          1.03            Ideal     D     SI1     EX       EX    GIA   
5996          1.00        Very Good     D     SI1     VG       VG    GIA   
5997          1.02            Ideal     D     SI1     EX       EX    GIA   
5998          1.27  Signature-Ideal     G     VS1     EX       EX    GIA   
5999          2.19            Ideal     E     VS1     EX       EX    GIA   

      Price  
0      5169  
1      3470  
2      3183  
3      4370  
4      3171  
...     ...  
5995   6250  
5996   5328  
5997   6157  
5998  11206  
5999  30507  

[6000 rows x 8 columns]
2022-08-16 11:55:29,842:INFO:get_config() succesfully completed......................................
2022-08-16 11:55:29,843:INFO:Initializing get_config()
2022-08-16 11:55:29,843:INFO:get_config(variable=prep_pipe)
2022-08-16 11:55:29,849:INFO:Global variable: prep_pipe returned as Pipeline(memory=None,
         steps=[('dtypes',
                 DataTypes_Auto_infer(categorical_features=[],
                                      display_types=False, features_todrop=[],
                                      id_columns=[], ml_usecase='regression',
                                      numerical_features=[], target='Price',
                                      time_features=[])),
                ('imputer',
                 Simple_Imputer(categorical_strategy='not_available',
                                fill_value_categorical=None,
                                fill_value_numerical=None,
                                numeric_strategy=...
                ('scaling', 'passthrough'), ('P_transform', 'passthrough'),
                ('binn', 'passthrough'), ('rem_outliers', 'passthrough'),
                ('cluster_all', 'passthrough'),
                ('dummy', Dummify(target='Price')),
                ('fix_perfect', Remove_100(target='Price')),
                ('clean_names', Clean_Colum_Names()),
                ('feature_select', 'passthrough'), ('fix_multi', 'passthrough'),
                ('dfs', 'passthrough'), ('pca', 'passthrough')],
         verbose=False)
2022-08-16 11:55:29,849:INFO:get_config() succesfully completed......................................
2022-08-16 11:55:29,849:INFO:Initializing get_config()
2022-08-16 11:55:29,849:INFO:get_config(variable=prep_pipe)
2022-08-16 11:55:29,856:INFO:Global variable: prep_pipe returned as Pipeline(memory=None,
         steps=[('dtypes',
                 DataTypes_Auto_infer(categorical_features=[],
                                      display_types=False, features_todrop=[],
                                      id_columns=[], ml_usecase='regression',
                                      numerical_features=[], target='Price',
                                      time_features=[])),
                ('imputer',
                 Simple_Imputer(categorical_strategy='not_available',
                                fill_value_categorical=None,
                                fill_value_numerical=None,
                                numeric_strategy=...
                ('scaling', 'passthrough'), ('P_transform', 'passthrough'),
                ('binn', 'passthrough'), ('rem_outliers', 'passthrough'),
                ('cluster_all', 'passthrough'),
                ('dummy', Dummify(target='Price')),
                ('fix_perfect', Remove_100(target='Price')),
                ('clean_names', Clean_Colum_Names()),
                ('feature_select', 'passthrough'), ('fix_multi', 'passthrough'),
                ('dfs', 'passthrough'), ('pca', 'passthrough')],
         verbose=False)
2022-08-16 11:55:29,856:INFO:get_config() succesfully completed......................................
2022-08-16 11:55:29,856:INFO:Initializing get_config()
2022-08-16 11:55:29,856:INFO:get_config(variable=prep_pipe)
2022-08-16 11:55:29,861:INFO:Global variable: prep_pipe returned as Pipeline(memory=None,
         steps=[('dtypes',
                 DataTypes_Auto_infer(categorical_features=[],
                                      display_types=False, features_todrop=[],
                                      id_columns=[], ml_usecase='regression',
                                      numerical_features=[], target='Price',
                                      time_features=[])),
                ('imputer',
                 Simple_Imputer(categorical_strategy='not_available',
                                fill_value_categorical=None,
                                fill_value_numerical=None,
                                numeric_strategy=...
                ('scaling', 'passthrough'), ('P_transform', 'passthrough'),
                ('binn', 'passthrough'), ('rem_outliers', 'passthrough'),
                ('cluster_all', 'passthrough'),
                ('dummy', Dummify(target='Price')),
                ('fix_perfect', Remove_100(target='Price')),
                ('clean_names', Clean_Colum_Names()),
                ('feature_select', 'passthrough'), ('fix_multi', 'passthrough'),
                ('dfs', 'passthrough'), ('pca', 'passthrough')],
         verbose=False)
2022-08-16 11:55:29,861:INFO:get_config() succesfully completed......................................
2022-08-16 11:55:29,870:INFO:Initializing save_model()
2022-08-16 11:55:29,870:INFO:save_model(model=PowerTransformedTargetRegressor(boosting_type='gbdt', class_weight=None,
                                colsample_bytree=1.0, importance_type='split',
                                learning_rate=0.1, max_depth=-1,
                                min_child_samples=20, min_child_weight=0.001,
                                min_split_gain=0.0, n_estimators=100, n_jobs=-1,
                                num_leaves=31, objective=None,
                                power_transformer_method='box-cox',
                                power_transformer_standardize=True,
                                random_state=6...
                                                        importance_type='split',
                                                        learning_rate=0.1,
                                                        max_depth=-1,
                                                        min_child_samples=20,
                                                        min_child_weight=0.001,
                                                        min_split_gain=0.0,
                                                        n_estimators=100,
                                                        n_jobs=-1,
                                                        num_leaves=31,
                                                        objective=None,
                                                        random_state=6891,
                                                        reg_alpha=0.0,
                                                        reg_lambda=0.0,
                                                        silent='warn',
                                                        subsample=1.0,
                                                        subsample_for_bin=200000,
                                                        subsample_freq=0),
                                silent='warn', subsample=1.0,
                                subsample_for_bin=200000, subsample_freq=0), model_name=my_first_api, prep_pipe_=Pipeline(memory=None,
         steps=[('dtypes',
                 DataTypes_Auto_infer(categorical_features=[],
                                      display_types=False, features_todrop=[],
                                      id_columns=[], ml_usecase='regression',
                                      numerical_features=[], target='Price',
                                      time_features=[])),
                ('imputer',
                 Simple_Imputer(categorical_strategy='not_available',
                                fill_value_categorical=None,
                                fill_value_numerical=None,
                                numeric_strategy=...
                ('scaling', 'passthrough'), ('P_transform', 'passthrough'),
                ('binn', 'passthrough'), ('rem_outliers', 'passthrough'),
                ('cluster_all', 'passthrough'),
                ('dummy', Dummify(target='Price')),
                ('fix_perfect', Remove_100(target='Price')),
                ('clean_names', Clean_Colum_Names()),
                ('feature_select', 'passthrough'), ('fix_multi', 'passthrough'),
                ('dfs', 'passthrough'), ('pca', 'passthrough')],
         verbose=False), verbose=False, kwargs={})
2022-08-16 11:55:29,871:INFO:Adding model into prep_pipe
2022-08-16 11:55:29,891:INFO:my_first_api.pkl saved in current working directory
2022-08-16 11:55:29,917:INFO:Pipeline(memory=None,
         steps=[('dtypes',
                 DataTypes_Auto_infer(categorical_features=[],
                                      display_types=False, features_todrop=[],
                                      id_columns=[], ml_usecase='regression',
                                      numerical_features=[], target='Price',
                                      time_features=[])),
                ('imputer',
                 Simple_Imputer(categorical_strategy='not_available',
                                fill_value_categorical=None,
                                fill_value_numerical=None,
                                numeric_strategy=...
                                                                         learning_rate=0.1,
                                                                         max_depth=-1,
                                                                         min_child_samples=20,
                                                                         min_child_weight=0.001,
                                                                         min_split_gain=0.0,
                                                                         n_estimators=100,
                                                                         n_jobs=-1,
                                                                         num_leaves=31,
                                                                         objective=None,
                                                                         random_state=6891,
                                                                         reg_alpha=0.0,
                                                                         reg_lambda=0.0,
                                                                         silent='warn',
                                                                         subsample=1.0,
                                                                         subsample_for_bin=200000,
                                                                         subsample_freq=0),
                                                 silent='warn', subsample=1.0,
                                                 subsample_for_bin=200000,
                                                 subsample_freq=0)]],
         verbose=False)
2022-08-16 11:55:29,918:INFO:save_model() successfully completed......................................
2022-08-16 11:55:46,517:INFO:PyCaret Supervised Module
2022-08-16 11:55:46,517:INFO:ML Usecase: regression
2022-08-16 11:55:46,517:INFO:version 2.3.10
2022-08-16 11:55:46,517:INFO:Initializing setup()
2022-08-16 11:55:46,517:INFO:setup(target=Price, ml_usecase=regression, available_plots={'parameter': 'Hyperparameters', 'residuals': 'Residuals', 'error': 'Prediction Error', 'cooks': 'Cooks Distance', 'rfe': 'Feature Selection', 'learning': 'Learning Curve', 'manifold': 'Manifold Learning', 'vc': 'Validation Curve', 'feature': 'Feature Importance', 'feature_all': 'Feature Importance (All)', 'tree': 'Decision Tree', 'residuals_interactive': 'Interactive Residuals'}, train_size=0.7, test_data=None, preprocess=True, imputation_type=simple, iterative_imputation_iters=5, categorical_features=None, categorical_imputation=constant, categorical_iterative_imputer=lightgbm, ordinal_features=None, high_cardinality_features=None, high_cardinality_method=frequency, numeric_features=None, numeric_imputation=mean, numeric_iterative_imputer=lightgbm, date_features=None, ignore_features=None, normalize=False, normalize_method=zscore, transformation=False, transformation_method=yeo-johnson, handle_unknown_categorical=True, unknown_categorical_method=least_frequent, pca=False, pca_method=linear, pca_components=None, ignore_low_variance=False, combine_rare_levels=False, rare_level_threshold=0.1, bin_numeric_features=None, remove_outliers=False, outliers_threshold=0.05, remove_multicollinearity=False, multicollinearity_threshold=0.9, remove_perfect_collinearity=True, create_clusters=False, cluster_iter=20, polynomial_features=False, polynomial_degree=2, trigonometry_features=False, polynomial_threshold=0.1, group_features=None, group_names=None, feature_selection=False, feature_selection_threshold=0.8, feature_selection_method=classic, feature_interaction=False, feature_ratio=False, interaction_threshold=0.01, fix_imbalance=False, fix_imbalance_method=None, transform_target=True, transform_target_method=box-cox, data_split_shuffle=True, data_split_stratify=False, fold_strategy=kfold, fold=10, fold_shuffle=False, fold_groups=None, n_jobs=-1, use_gpu=False, custom_pipeline=None, html=True, session_id=None, log_experiment=True, experiment_name=diamond, experiment_custom_tags=None, log_plots=False, log_profile=False, log_data=False, silent=True, verbose=True, profile=False, profile_kwargs=None, display=None)
2022-08-16 11:55:46,517:INFO:Checking environment
2022-08-16 11:55:46,517:INFO:python_version: 3.8.13
2022-08-16 11:55:46,517:INFO:python_build: ('default', 'Mar 28 2022 06:59:08')
2022-08-16 11:55:46,517:INFO:machine: AMD64
2022-08-16 11:55:46,517:INFO:platform: Windows-10-10.0.19044-SP0
2022-08-16 11:55:46,519:WARNING:cannot find psutil installation. memory not traceable. Install psutil using pip to enable memory logging.
2022-08-16 11:55:46,519:INFO:Checking libraries
2022-08-16 11:55:46,519:INFO:pd==1.4.2
2022-08-16 11:55:46,519:INFO:numpy==1.19.5
2022-08-16 11:55:46,519:INFO:sklearn==0.23.2
2022-08-16 11:55:46,519:INFO:lightgbm==3.3.2
2022-08-16 11:55:46,519:INFO:catboost==1.0.5
2022-08-16 11:55:46,519:INFO:xgboost==1.6.1
2022-08-16 11:55:46,519:INFO:mlflow==1.25.1
2022-08-16 11:55:46,519:INFO:Checking Exceptions
2022-08-16 11:55:46,519:INFO:Declaring global variables
2022-08-16 11:55:46,520:INFO:USI: ece4
2022-08-16 11:55:46,520:INFO:pycaret_globals: {'_gpu_n_jobs_param', 'dashboard_logger', 'X_train', 'data_before_preprocess', '_internal_pipeline', 'X_test', '_all_models', 'logging_param', 'transform_target_param', 'fix_imbalance_method_param', 'stratify_param', 'html_param', 'fold_groups_param_full', 'X', 'target_param', 'y_test', 'n_jobs_param', 'master_model_container', 'fold_param', '_available_plots', 'y_train', '_all_models_internal', 'y', 'imputation_regressor', 'gpu_param', 'transform_target_method_param', '_all_metrics', 'imputation_classifier', '_ml_usecase', 'log_plots_param', 'iterative_imputation_iters_param', 'fold_shuffle_param', 'fold_groups_param', 'experiment__', 'display_container', 'fold_generator', 'seed', 'USI', 'pycaret_globals', 'exp_name_log', 'create_model_container', 'prep_pipe', 'fix_imbalance_param'}
2022-08-16 11:55:46,520:INFO:Preparing display monitor
2022-08-16 11:55:46,520:INFO:Preparing display monitor
2022-08-16 11:55:46,540:INFO:Importing libraries
2022-08-16 11:55:46,540:INFO:Copying data for preprocessing
2022-08-16 11:55:46,554:INFO:Declaring preprocessing parameters
2022-08-16 11:55:46,556:INFO:Creating preprocessing pipeline
2022-08-16 11:55:46,569:INFO:Preprocessing pipeline created successfully
2022-08-16 11:55:46,569:ERROR:(Process Exit): setup has been interupted with user command 'quit'. setup must rerun.
2022-08-16 11:55:46,569:INFO:Creating global containers
2022-08-16 11:55:46,570:INFO:Internal pipeline: Pipeline(memory=None, steps=[('empty_step', 'passthrough')], verbose=False)
2022-08-16 11:55:47,331:INFO:Creating grid variables
2022-08-16 11:55:47,352:INFO:Logging experiment in MLFlow
2022-08-16 11:55:47,459:INFO:SubProcess save_model() called ==================================
2022-08-16 11:55:47,470:INFO:Initializing save_model()
2022-08-16 11:55:47,471:INFO:save_model(model=Pipeline(memory=None,
         steps=[('dtypes',
                 DataTypes_Auto_infer(categorical_features=[],
                                      display_types=False, features_todrop=[],
                                      id_columns=[], ml_usecase='regression',
                                      numerical_features=[], target='Price',
                                      time_features=[])),
                ('imputer',
                 Simple_Imputer(categorical_strategy='not_available',
                                fill_value_categorical=None,
                                fill_value_numerical=None,
                                numeric_strategy=...
                ('scaling', 'passthrough'), ('P_transform', 'passthrough'),
                ('binn', 'passthrough'), ('rem_outliers', 'passthrough'),
                ('cluster_all', 'passthrough'),
                ('dummy', Dummify(target='Price')),
                ('fix_perfect', Remove_100(target='Price')),
                ('clean_names', Clean_Colum_Names()),
                ('feature_select', 'passthrough'), ('fix_multi', 'passthrough'),
                ('dfs', 'passthrough'), ('pca', 'passthrough')],
         verbose=False), model_name=Transformation Pipeline, prep_pipe_=Pipeline(memory=None,
         steps=[('dtypes',
                 DataTypes_Auto_infer(categorical_features=[],
                                      display_types=False, features_todrop=[],
                                      id_columns=[], ml_usecase='regression',
                                      numerical_features=[], target='Price',
                                      time_features=[])),
                ('imputer',
                 Simple_Imputer(categorical_strategy='not_available',
                                fill_value_categorical=None,
                                fill_value_numerical=None,
                                numeric_strategy=...
                ('scaling', 'passthrough'), ('P_transform', 'passthrough'),
                ('binn', 'passthrough'), ('rem_outliers', 'passthrough'),
                ('cluster_all', 'passthrough'),
                ('dummy', Dummify(target='Price')),
                ('fix_perfect', Remove_100(target='Price')),
                ('clean_names', Clean_Colum_Names()),
                ('feature_select', 'passthrough'), ('fix_multi', 'passthrough'),
                ('dfs', 'passthrough'), ('pca', 'passthrough')],
         verbose=False), verbose=False, kwargs={})
2022-08-16 11:55:47,471:INFO:Adding model into prep_pipe
2022-08-16 11:55:47,472:WARNING:Only Model saved as it was a pipeline.
2022-08-16 11:55:47,481:INFO:Transformation Pipeline.pkl saved in current working directory
2022-08-16 11:55:47,487:INFO:Pipeline(memory=None,
         steps=[('dtypes',
                 DataTypes_Auto_infer(categorical_features=[],
                                      display_types=False, features_todrop=[],
                                      id_columns=[], ml_usecase='regression',
                                      numerical_features=[], target='Price',
                                      time_features=[])),
                ('imputer',
                 Simple_Imputer(categorical_strategy='not_available',
                                fill_value_categorical=None,
                                fill_value_numerical=None,
                                numeric_strategy=...
                ('scaling', 'passthrough'), ('P_transform', 'passthrough'),
                ('binn', 'passthrough'), ('rem_outliers', 'passthrough'),
                ('cluster_all', 'passthrough'),
                ('dummy', Dummify(target='Price')),
                ('fix_perfect', Remove_100(target='Price')),
                ('clean_names', Clean_Colum_Names()),
                ('feature_select', 'passthrough'), ('fix_multi', 'passthrough'),
                ('dfs', 'passthrough'), ('pca', 'passthrough')],
         verbose=False)
2022-08-16 11:55:47,487:INFO:save_model() successfully completed......................................
2022-08-16 11:55:47,574:INFO:SubProcess save_model() end ==================================
2022-08-16 11:55:47,637:INFO:create_model_container: 0
2022-08-16 11:55:47,637:INFO:master_model_container: 0
2022-08-16 11:55:47,637:INFO:display_container: 1
2022-08-16 11:55:47,642:INFO:Pipeline(memory=None,
         steps=[('dtypes',
                 DataTypes_Auto_infer(categorical_features=[],
                                      display_types=False, features_todrop=[],
                                      id_columns=[], ml_usecase='regression',
                                      numerical_features=[], target='Price',
                                      time_features=[])),
                ('imputer',
                 Simple_Imputer(categorical_strategy='not_available',
                                fill_value_categorical=None,
                                fill_value_numerical=None,
                                numeric_strategy=...
                ('scaling', 'passthrough'), ('P_transform', 'passthrough'),
                ('binn', 'passthrough'), ('rem_outliers', 'passthrough'),
                ('cluster_all', 'passthrough'),
                ('dummy', Dummify(target='Price')),
                ('fix_perfect', Remove_100(target='Price')),
                ('clean_names', Clean_Colum_Names()),
                ('feature_select', 'passthrough'), ('fix_multi', 'passthrough'),
                ('dfs', 'passthrough'), ('pca', 'passthrough')],
         verbose=False)
2022-08-16 11:55:47,642:INFO:setup() succesfully completed......................................
2022-08-16 11:55:47,731:INFO:Initializing create_model()
2022-08-16 11:55:47,732:INFO:create_model(estimator=lightgbm, fold=None, round=4, cross_validation=True, predict=True, fit_kwargs=None, groups=None, refit=True, verbose=True, system=True, metrics=None, experiment_custom_tags=None, add_to_model_list=True, probability_threshold=None, display=None, return_train_score=False, kwargs={})
2022-08-16 11:55:47,732:INFO:Checking exceptions
2022-08-16 11:55:47,732:INFO:Preparing display monitor
2022-08-16 11:55:47,763:INFO:Importing libraries
2022-08-16 11:55:47,763:INFO:Copying training dataset
2022-08-16 11:55:47,765:INFO:Defining folds
2022-08-16 11:55:47,765:INFO:Declaring metric variables
2022-08-16 11:55:47,779:INFO:Importing untrained model
2022-08-16 11:55:47,792:INFO:Light Gradient Boosting Machine Imported succesfully
2022-08-16 11:55:47,820:INFO:Starting cross validation
2022-08-16 11:55:47,821:INFO:Cross validating with KFold(n_splits=10, random_state=None, shuffle=False), n_jobs=-1
2022-08-16 11:55:48,420:INFO:Calculating mean and std
2022-08-16 11:55:48,421:INFO:Creating metrics dataframe
2022-08-16 11:55:48,434:INFO:Finalizing model
2022-08-16 11:55:48,626:INFO:Creating Dashboard logs
2022-08-16 11:55:48,645:INFO:Model: Light Gradient Boosting Machine
2022-08-16 11:55:48,705:INFO:logged params: {'boosting_type': 'gbdt', 'class_weight': None, 'colsample_bytree': 1.0, 'importance_type': 'split', 'learning_rate': 0.1, 'max_depth': -1, 'min_child_samples': 20, 'min_child_weight': 0.001, 'min_split_gain': 0.0, 'n_estimators': 100, 'n_jobs': -1, 'num_leaves': 31, 'objective': None, 'random_state': 4059, 'reg_alpha': 0.0, 'reg_lambda': 0.0, 'silent': 'warn', 'subsample': 1.0, 'subsample_for_bin': 200000, 'subsample_freq': 0}
2022-08-16 11:55:48,756:INFO:Initializing predict_model()
2022-08-16 11:55:48,756:INFO:predict_model(estimator=PowerTransformedTargetRegressor(boosting_type='gbdt', class_weight=None,
                                colsample_bytree=1.0, importance_type='split',
                                learning_rate=0.1, max_depth=-1,
                                min_child_samples=20, min_child_weight=0.001,
                                min_split_gain=0.0, n_estimators=100, n_jobs=-1,
                                num_leaves=31, objective=None,
                                power_transformer_method='box-cox',
                                power_transformer_standardize=True,
                                random_state=4...
                                                        importance_type='split',
                                                        learning_rate=0.1,
                                                        max_depth=-1,
                                                        min_child_samples=20,
                                                        min_child_weight=0.001,
                                                        min_split_gain=0.0,
                                                        n_estimators=100,
                                                        n_jobs=-1,
                                                        num_leaves=31,
                                                        objective=None,
                                                        random_state=4059,
                                                        reg_alpha=0.0,
                                                        reg_lambda=0.0,
                                                        silent='warn',
                                                        subsample=1.0,
                                                        subsample_for_bin=200000,
                                                        subsample_freq=0),
                                silent='warn', subsample=1.0,
                                subsample_for_bin=200000, subsample_freq=0), probability_threshold=None, encoded_labels=False, drift_report=False, raw_score=False, round=4, verbose=False, ml_usecase=None, display=None, drift_kwargs=None)
2022-08-16 11:55:48,757:INFO:Checking exceptions
2022-08-16 11:55:48,757:INFO:Preloading libraries
2022-08-16 11:55:49,189:INFO:Uploading results into container
2022-08-16 11:55:49,189:INFO:Uploading model into container now
2022-08-16 11:55:49,202:INFO:create_model_container: 1
2022-08-16 11:55:49,202:INFO:master_model_container: 1
2022-08-16 11:55:49,202:INFO:display_container: 2
2022-08-16 11:55:49,204:INFO:PowerTransformedTargetRegressor(boosting_type='gbdt', class_weight=None,
                                colsample_bytree=1.0, importance_type='split',
                                learning_rate=0.1, max_depth=-1,
                                min_child_samples=20, min_child_weight=0.001,
                                min_split_gain=0.0, n_estimators=100, n_jobs=-1,
                                num_leaves=31, objective=None,
                                power_transformer_method='box-cox',
                                power_transformer_standardize=True,
                                random_state=4...
                                                        importance_type='split',
                                                        learning_rate=0.1,
                                                        max_depth=-1,
                                                        min_child_samples=20,
                                                        min_child_weight=0.001,
                                                        min_split_gain=0.0,
                                                        n_estimators=100,
                                                        n_jobs=-1,
                                                        num_leaves=31,
                                                        objective=None,
                                                        random_state=4059,
                                                        reg_alpha=0.0,
                                                        reg_lambda=0.0,
                                                        silent='warn',
                                                        subsample=1.0,
                                                        subsample_for_bin=200000,
                                                        subsample_freq=0),
                                silent='warn', subsample=1.0,
                                subsample_for_bin=200000, subsample_freq=0)
2022-08-16 11:55:49,204:INFO:create_model() succesfully completed......................................
2022-08-16 11:55:49,319:INFO:Initializing get_config()
2022-08-16 11:55:49,319:INFO:get_config(variable=prep_pipe)
2022-08-16 11:55:49,328:INFO:Global variable: prep_pipe returned as Pipeline(memory=None,
         steps=[('dtypes',
                 DataTypes_Auto_infer(categorical_features=[],
                                      display_types=False, features_todrop=[],
                                      id_columns=[], ml_usecase='regression',
                                      numerical_features=[], target='Price',
                                      time_features=[])),
                ('imputer',
                 Simple_Imputer(categorical_strategy='not_available',
                                fill_value_categorical=None,
                                fill_value_numerical=None,
                                numeric_strategy=...
                ('scaling', 'passthrough'), ('P_transform', 'passthrough'),
                ('binn', 'passthrough'), ('rem_outliers', 'passthrough'),
                ('cluster_all', 'passthrough'),
                ('dummy', Dummify(target='Price')),
                ('fix_perfect', Remove_100(target='Price')),
                ('clean_names', Clean_Colum_Names()),
                ('feature_select', 'passthrough'), ('fix_multi', 'passthrough'),
                ('dfs', 'passthrough'), ('pca', 'passthrough')],
         verbose=False)
2022-08-16 11:55:49,328:INFO:get_config() succesfully completed......................................
2022-08-16 11:55:49,329:INFO:Initializing get_config()
2022-08-16 11:55:49,329:INFO:get_config(variable=data_before_preprocess)
2022-08-16 11:55:49,337:INFO:Global variable: data_before_preprocess returned as       Carat Weight              Cut Color Clarity Polish Symmetry Report  \
0             1.10            Ideal     H     SI1     VG       EX    GIA   
1             0.83            Ideal     H     VS1     ID       ID   AGSL   
2             0.85            Ideal     H     SI1     EX       EX    GIA   
3             0.91            Ideal     E     SI1     VG       VG    GIA   
4             0.83            Ideal     G     SI1     EX       EX    GIA   
...            ...              ...   ...     ...    ...      ...    ...   
5995          1.03            Ideal     D     SI1     EX       EX    GIA   
5996          1.00        Very Good     D     SI1     VG       VG    GIA   
5997          1.02            Ideal     D     SI1     EX       EX    GIA   
5998          1.27  Signature-Ideal     G     VS1     EX       EX    GIA   
5999          2.19            Ideal     E     VS1     EX       EX    GIA   

      Price  
0      5169  
1      3470  
2      3183  
3      4370  
4      3171  
...     ...  
5995   6250  
5996   5328  
5997   6157  
5998  11206  
5999  30507  

[6000 rows x 8 columns]
2022-08-16 11:55:49,337:INFO:get_config() succesfully completed......................................
2022-08-16 11:55:49,339:INFO:Initializing get_config()
2022-08-16 11:55:49,339:INFO:get_config(variable=prep_pipe)
2022-08-16 11:55:49,344:INFO:Global variable: prep_pipe returned as Pipeline(memory=None,
         steps=[('dtypes',
                 DataTypes_Auto_infer(categorical_features=[],
                                      display_types=False, features_todrop=[],
                                      id_columns=[], ml_usecase='regression',
                                      numerical_features=[], target='Price',
                                      time_features=[])),
                ('imputer',
                 Simple_Imputer(categorical_strategy='not_available',
                                fill_value_categorical=None,
                                fill_value_numerical=None,
                                numeric_strategy=...
                ('scaling', 'passthrough'), ('P_transform', 'passthrough'),
                ('binn', 'passthrough'), ('rem_outliers', 'passthrough'),
                ('cluster_all', 'passthrough'),
                ('dummy', Dummify(target='Price')),
                ('fix_perfect', Remove_100(target='Price')),
                ('clean_names', Clean_Colum_Names()),
                ('feature_select', 'passthrough'), ('fix_multi', 'passthrough'),
                ('dfs', 'passthrough'), ('pca', 'passthrough')],
         verbose=False)
2022-08-16 11:55:49,344:INFO:get_config() succesfully completed......................................
2022-08-16 11:55:49,344:INFO:Initializing get_config()
2022-08-16 11:55:49,344:INFO:get_config(variable=prep_pipe)
2022-08-16 11:55:49,351:INFO:Global variable: prep_pipe returned as Pipeline(memory=None,
         steps=[('dtypes',
                 DataTypes_Auto_infer(categorical_features=[],
                                      display_types=False, features_todrop=[],
                                      id_columns=[], ml_usecase='regression',
                                      numerical_features=[], target='Price',
                                      time_features=[])),
                ('imputer',
                 Simple_Imputer(categorical_strategy='not_available',
                                fill_value_categorical=None,
                                fill_value_numerical=None,
                                numeric_strategy=...
                ('scaling', 'passthrough'), ('P_transform', 'passthrough'),
                ('binn', 'passthrough'), ('rem_outliers', 'passthrough'),
                ('cluster_all', 'passthrough'),
                ('dummy', Dummify(target='Price')),
                ('fix_perfect', Remove_100(target='Price')),
                ('clean_names', Clean_Colum_Names()),
                ('feature_select', 'passthrough'), ('fix_multi', 'passthrough'),
                ('dfs', 'passthrough'), ('pca', 'passthrough')],
         verbose=False)
2022-08-16 11:55:49,351:INFO:get_config() succesfully completed......................................
2022-08-16 11:55:49,351:INFO:Initializing get_config()
2022-08-16 11:55:49,352:INFO:get_config(variable=prep_pipe)
2022-08-16 11:55:49,356:INFO:Global variable: prep_pipe returned as Pipeline(memory=None,
         steps=[('dtypes',
                 DataTypes_Auto_infer(categorical_features=[],
                                      display_types=False, features_todrop=[],
                                      id_columns=[], ml_usecase='regression',
                                      numerical_features=[], target='Price',
                                      time_features=[])),
                ('imputer',
                 Simple_Imputer(categorical_strategy='not_available',
                                fill_value_categorical=None,
                                fill_value_numerical=None,
                                numeric_strategy=...
                ('scaling', 'passthrough'), ('P_transform', 'passthrough'),
                ('binn', 'passthrough'), ('rem_outliers', 'passthrough'),
                ('cluster_all', 'passthrough'),
                ('dummy', Dummify(target='Price')),
                ('fix_perfect', Remove_100(target='Price')),
                ('clean_names', Clean_Colum_Names()),
                ('feature_select', 'passthrough'), ('fix_multi', 'passthrough'),
                ('dfs', 'passthrough'), ('pca', 'passthrough')],
         verbose=False)
2022-08-16 11:55:49,356:INFO:get_config() succesfully completed......................................
2022-08-16 11:55:49,364:INFO:Initializing save_model()
2022-08-16 11:55:49,364:INFO:save_model(model=PowerTransformedTargetRegressor(boosting_type='gbdt', class_weight=None,
                                colsample_bytree=1.0, importance_type='split',
                                learning_rate=0.1, max_depth=-1,
                                min_child_samples=20, min_child_weight=0.001,
                                min_split_gain=0.0, n_estimators=100, n_jobs=-1,
                                num_leaves=31, objective=None,
                                power_transformer_method='box-cox',
                                power_transformer_standardize=True,
                                random_state=4...
                                                        importance_type='split',
                                                        learning_rate=0.1,
                                                        max_depth=-1,
                                                        min_child_samples=20,
                                                        min_child_weight=0.001,
                                                        min_split_gain=0.0,
                                                        n_estimators=100,
                                                        n_jobs=-1,
                                                        num_leaves=31,
                                                        objective=None,
                                                        random_state=4059,
                                                        reg_alpha=0.0,
                                                        reg_lambda=0.0,
                                                        silent='warn',
                                                        subsample=1.0,
                                                        subsample_for_bin=200000,
                                                        subsample_freq=0),
                                silent='warn', subsample=1.0,
                                subsample_for_bin=200000, subsample_freq=0), model_name=my_first_api, prep_pipe_=Pipeline(memory=None,
         steps=[('dtypes',
                 DataTypes_Auto_infer(categorical_features=[],
                                      display_types=False, features_todrop=[],
                                      id_columns=[], ml_usecase='regression',
                                      numerical_features=[], target='Price',
                                      time_features=[])),
                ('imputer',
                 Simple_Imputer(categorical_strategy='not_available',
                                fill_value_categorical=None,
                                fill_value_numerical=None,
                                numeric_strategy=...
                ('scaling', 'passthrough'), ('P_transform', 'passthrough'),
                ('binn', 'passthrough'), ('rem_outliers', 'passthrough'),
                ('cluster_all', 'passthrough'),
                ('dummy', Dummify(target='Price')),
                ('fix_perfect', Remove_100(target='Price')),
                ('clean_names', Clean_Colum_Names()),
                ('feature_select', 'passthrough'), ('fix_multi', 'passthrough'),
                ('dfs', 'passthrough'), ('pca', 'passthrough')],
         verbose=False), verbose=False, kwargs={})
2022-08-16 11:55:49,365:INFO:Adding model into prep_pipe
2022-08-16 11:55:49,385:INFO:my_first_api.pkl saved in current working directory
2022-08-16 11:55:49,415:INFO:Pipeline(memory=None,
         steps=[('dtypes',
                 DataTypes_Auto_infer(categorical_features=[],
                                      display_types=False, features_todrop=[],
                                      id_columns=[], ml_usecase='regression',
                                      numerical_features=[], target='Price',
                                      time_features=[])),
                ('imputer',
                 Simple_Imputer(categorical_strategy='not_available',
                                fill_value_categorical=None,
                                fill_value_numerical=None,
                                numeric_strategy=...
                                                                         learning_rate=0.1,
                                                                         max_depth=-1,
                                                                         min_child_samples=20,
                                                                         min_child_weight=0.001,
                                                                         min_split_gain=0.0,
                                                                         n_estimators=100,
                                                                         n_jobs=-1,
                                                                         num_leaves=31,
                                                                         objective=None,
                                                                         random_state=4059,
                                                                         reg_alpha=0.0,
                                                                         reg_lambda=0.0,
                                                                         silent='warn',
                                                                         subsample=1.0,
                                                                         subsample_for_bin=200000,
                                                                         subsample_freq=0),
                                                 silent='warn', subsample=1.0,
                                                 subsample_for_bin=200000,
                                                 subsample_freq=0)]],
         verbose=False)
2022-08-16 11:55:49,415:INFO:save_model() successfully completed......................................
